<?xml version="1.0" encoding="UTF-8"?>
<testsuite xmlns:xsi="http://www.w3.org/2001/XMLSchema-instance" xsi:noNamespaceSchemaLocation="https://maven.apache.org/surefire/maven-surefire-plugin/xsd/surefire-test-report-3.0.xsd" version="3.0" name="dk.lyngby.handler.PersonHandlerTest" time="7.157" tests="4" errors="3" skipped="0" failures="0">
  <properties>
    <property name="java.specification.version" value="17"/>
    <property name="sun.jnu.encoding" value="UTF-8"/>
    <property name="java.class.path" value="/home/jorg/Work/3-semester/startcode/3sem-javalin-rest-api/target/test-classes:/home/jorg/Work/3-semester/startcode/3sem-javalin-rest-api/target/classes:/home/jorg/.m2/repository/io/javalin/javalin-bundle/5.6.0/javalin-bundle-5.6.0.jar:/home/jorg/.m2/repository/io/javalin/javalin/5.6.0/javalin-5.6.0.jar:/home/jorg/.m2/repository/org/jetbrains/annotations/24.0.1/annotations-24.0.1.jar:/home/jorg/.m2/repository/org/eclipse/jetty/jetty-server/11.0.15/jetty-server-11.0.15.jar:/home/jorg/.m2/repository/org/eclipse/jetty/toolchain/jetty-jakarta-servlet-api/5.0.2/jetty-jakarta-servlet-api-5.0.2.jar:/home/jorg/.m2/repository/org/eclipse/jetty/jetty-http/11.0.15/jetty-http-11.0.15.jar:/home/jorg/.m2/repository/org/eclipse/jetty/jetty-webapp/11.0.15/jetty-webapp-11.0.15.jar:/home/jorg/.m2/repository/org/eclipse/jetty/jetty-servlet/11.0.15/jetty-servlet-11.0.15.jar:/home/jorg/.m2/repository/org/eclipse/jetty/jetty-security/11.0.15/jetty-security-11.0.15.jar:/home/jorg/.m2/repository/org/eclipse/jetty/jetty-xml/11.0.15/jetty-xml-11.0.15.jar:/home/jorg/.m2/repository/org/eclipse/jetty/websocket/websocket-jetty-server/11.0.15/websocket-jetty-server-11.0.15.jar:/home/jorg/.m2/repository/org/eclipse/jetty/websocket/websocket-jetty-common/11.0.15/websocket-jetty-common-11.0.15.jar:/home/jorg/.m2/repository/org/eclipse/jetty/websocket/websocket-core-common/11.0.15/websocket-core-common-11.0.15.jar:/home/jorg/.m2/repository/org/eclipse/jetty/websocket/websocket-servlet/11.0.15/websocket-servlet-11.0.15.jar:/home/jorg/.m2/repository/org/eclipse/jetty/websocket/websocket-core-server/11.0.15/websocket-core-server-11.0.15.jar:/home/jorg/.m2/repository/org/eclipse/jetty/jetty-annotations/11.0.15/jetty-annotations-11.0.15.jar:/home/jorg/.m2/repository/org/eclipse/jetty/jetty-plus/11.0.15/jetty-plus-11.0.15.jar:/home/jorg/.m2/repository/org/eclipse/jetty/jetty-jndi/11.0.15/jetty-jndi-11.0.15.jar:/home/jorg/.m2/repository/jakarta/annotation/jakarta.annotation-api/2.1.1/jakarta.annotation-api-2.1.1.jar:/home/jorg/.m2/repository/org/ow2/asm/asm/9.5/asm-9.5.jar:/home/jorg/.m2/repository/org/ow2/asm/asm-commons/9.5/asm-commons-9.5.jar:/home/jorg/.m2/repository/org/ow2/asm/asm-tree/9.5/asm-tree-9.5.jar:/home/jorg/.m2/repository/org/eclipse/jetty/websocket/websocket-jetty-api/11.0.15/websocket-jetty-api-11.0.15.jar:/home/jorg/.m2/repository/io/javalin/javalin-testtools/5.6.0/javalin-testtools-5.6.0.jar:/home/jorg/.m2/repository/com/squareup/okhttp3/okhttp/4.11.0/okhttp-4.11.0.jar:/home/jorg/.m2/repository/com/squareup/okio/okio/3.2.0/okio-3.2.0.jar:/home/jorg/.m2/repository/com/squareup/okio/okio-jvm/3.2.0/okio-jvm-3.2.0.jar:/home/jorg/.m2/repository/io/javalin/javalin-micrometer/5.6.0/javalin-micrometer-5.6.0.jar:/home/jorg/.m2/repository/io/micrometer/micrometer-core/1.10.1/micrometer-core-1.10.1.jar:/home/jorg/.m2/repository/io/micrometer/micrometer-commons/1.10.1/micrometer-commons-1.10.1.jar:/home/jorg/.m2/repository/io/micrometer/micrometer-observation/1.10.1/micrometer-observation-1.10.1.jar:/home/jorg/.m2/repository/org/hdrhistogram/HdrHistogram/2.1.12/HdrHistogram-2.1.12.jar:/home/jorg/.m2/repository/org/latencyutils/LatencyUtils/2.0.3/LatencyUtils-2.0.3.jar:/home/jorg/.m2/repository/io/micrometer/micrometer-jetty11/1.10.1/micrometer-jetty11-1.10.1.jar:/home/jorg/.m2/repository/com/fasterxml/jackson/module/jackson-module-kotlin/2.15.0/jackson-module-kotlin-2.15.0.jar:/home/jorg/.m2/repository/org/jetbrains/kotlin/kotlin-reflect/1.5.32/kotlin-reflect-1.5.32.jar:/home/jorg/.m2/repository/com/fasterxml/jackson/datatype/jackson-datatype-jsr310/2.15.0/jackson-datatype-jsr310-2.15.0.jar:/home/jorg/.m2/repository/com/aayushatharva/brotli4j/brotli4j/1.11.0/brotli4j-1.11.0.jar:/home/jorg/.m2/repository/com/aayushatharva/brotli4j/service/1.11.0/service-1.11.0.jar:/home/jorg/.m2/repository/com/aayushatharva/brotli4j/native-linux-x86_64/1.11.0/native-linux-x86_64-1.11.0.jar:/home/jorg/.m2/repository/org/eclipse/jetty/http2/http2-server/11.0.15/http2-server-11.0.15.jar:/home/jorg/.m2/repository/org/eclipse/jetty/http2/http2-common/11.0.15/http2-common-11.0.15.jar:/home/jorg/.m2/repository/org/eclipse/jetty/http2/http2-hpack/11.0.15/http2-hpack-11.0.15.jar:/home/jorg/.m2/repository/org/eclipse/jetty/jetty-alpn-conscrypt-server/11.0.15/jetty-alpn-conscrypt-server-11.0.15.jar:/home/jorg/.m2/repository/org/conscrypt/conscrypt-openjdk-uber/2.5.2/conscrypt-openjdk-uber-2.5.2.jar:/home/jorg/.m2/repository/org/eclipse/jetty/jetty-alpn-server/11.0.15/jetty-alpn-server-11.0.15.jar:/home/jorg/.m2/repository/org/eclipse/jetty/jetty-io/11.0.15/jetty-io-11.0.15.jar:/home/jorg/.m2/repository/org/eclipse/jetty/jetty-util/11.0.15/jetty-util-11.0.15.jar:/home/jorg/.m2/repository/org/jetbrains/kotlin/kotlin-stdlib-jdk8/1.8.21/kotlin-stdlib-jdk8-1.8.21.jar:/home/jorg/.m2/repository/org/jetbrains/kotlin/kotlin-stdlib/1.8.21/kotlin-stdlib-1.8.21.jar:/home/jorg/.m2/repository/org/jetbrains/kotlin/kotlin-stdlib-common/1.8.21/kotlin-stdlib-common-1.8.21.jar:/home/jorg/.m2/repository/org/jetbrains/kotlin/kotlin-stdlib-jdk7/1.8.21/kotlin-stdlib-jdk7-1.8.21.jar:/home/jorg/.m2/repository/com/fasterxml/jackson/core/jackson-databind/2.15.0/jackson-databind-2.15.0.jar:/home/jorg/.m2/repository/com/fasterxml/jackson/core/jackson-annotations/2.15.0/jackson-annotations-2.15.0.jar:/home/jorg/.m2/repository/com/fasterxml/jackson/core/jackson-core/2.15.0/jackson-core-2.15.0.jar:/home/jorg/.m2/repository/com/google/code/gson/gson/2.10.1/gson-2.10.1.jar:/home/jorg/.m2/repository/org/projectlombok/lombok/1.18.28/lombok-1.18.28.jar:/home/jorg/.m2/repository/com/nimbusds/nimbus-jose-jwt/9.0.1/nimbus-jose-jwt-9.0.1.jar:/home/jorg/.m2/repository/com/github/stephenc/jcip/jcip-annotations/1.0-1/jcip-annotations-1.0-1.jar:/home/jorg/.m2/repository/org/mindrot/jbcrypt/0.4/jbcrypt-0.4.jar:/home/jorg/.m2/repository/org/postgresql/postgresql/42.6.0/postgresql-42.6.0.jar:/home/jorg/.m2/repository/org/checkerframework/checker-qual/3.31.0/checker-qual-3.31.0.jar:/home/jorg/.m2/repository/org/hibernate/orm/hibernate-core/6.2.4.Final/hibernate-core-6.2.4.Final.jar:/home/jorg/.m2/repository/jakarta/persistence/jakarta.persistence-api/3.1.0/jakarta.persistence-api-3.1.0.jar:/home/jorg/.m2/repository/jakarta/transaction/jakarta.transaction-api/2.0.1/jakarta.transaction-api-2.0.1.jar:/home/jorg/.m2/repository/org/jboss/logging/jboss-logging/3.5.0.Final/jboss-logging-3.5.0.Final.jar:/home/jorg/.m2/repository/org/hibernate/common/hibernate-commons-annotations/6.0.6.Final/hibernate-commons-annotations-6.0.6.Final.jar:/home/jorg/.m2/repository/io/smallrye/jandex/3.0.5/jandex-3.0.5.jar:/home/jorg/.m2/repository/com/fasterxml/classmate/1.5.1/classmate-1.5.1.jar:/home/jorg/.m2/repository/net/bytebuddy/byte-buddy/1.12.18/byte-buddy-1.12.18.jar:/home/jorg/.m2/repository/jakarta/xml/bind/jakarta.xml.bind-api/4.0.0/jakarta.xml.bind-api-4.0.0.jar:/home/jorg/.m2/repository/jakarta/activation/jakarta.activation-api/2.1.0/jakarta.activation-api-2.1.0.jar:/home/jorg/.m2/repository/org/glassfish/jaxb/jaxb-runtime/4.0.2/jaxb-runtime-4.0.2.jar:/home/jorg/.m2/repository/org/glassfish/jaxb/jaxb-core/4.0.2/jaxb-core-4.0.2.jar:/home/jorg/.m2/repository/org/eclipse/angus/angus-activation/2.0.0/angus-activation-2.0.0.jar:/home/jorg/.m2/repository/org/glassfish/jaxb/txw2/4.0.2/txw2-4.0.2.jar:/home/jorg/.m2/repository/com/sun/istack/istack-commons-runtime/4.1.1/istack-commons-runtime-4.1.1.jar:/home/jorg/.m2/repository/jakarta/inject/jakarta.inject-api/2.0.1/jakarta.inject-api-2.0.1.jar:/home/jorg/.m2/repository/org/antlr/antlr4-runtime/4.10.1/antlr4-runtime-4.10.1.jar:/home/jorg/.m2/repository/com/zaxxer/HikariCP/5.0.1/HikariCP-5.0.1.jar:/home/jorg/.m2/repository/org/hibernate/orm/hibernate-hikaricp/6.2.4.Final/hibernate-hikaricp-6.2.4.Final.jar:/home/jorg/.m2/repository/ch/qos/logback/logback-classic/1.4.7/logback-classic-1.4.7.jar:/home/jorg/.m2/repository/ch/qos/logback/logback-core/1.4.7/logback-core-1.4.7.jar:/home/jorg/.m2/repository/org/slf4j/slf4j-api/2.0.7/slf4j-api-2.0.7.jar:/home/jorg/.m2/repository/org/junit/jupiter/junit-jupiter-api/5.9.1/junit-jupiter-api-5.9.1.jar:/home/jorg/.m2/repository/org/opentest4j/opentest4j/1.2.0/opentest4j-1.2.0.jar:/home/jorg/.m2/repository/org/junit/platform/junit-platform-commons/1.9.1/junit-platform-commons-1.9.1.jar:/home/jorg/.m2/repository/org/apiguardian/apiguardian-api/1.1.2/apiguardian-api-1.1.2.jar:/home/jorg/.m2/repository/org/junit/jupiter/junit-jupiter-engine/5.9.1/junit-jupiter-engine-5.9.1.jar:/home/jorg/.m2/repository/org/junit/platform/junit-platform-engine/1.9.1/junit-platform-engine-1.9.1.jar:/home/jorg/.m2/repository/org/junit/jupiter/junit-jupiter-params/5.9.1/junit-jupiter-params-5.9.1.jar:/home/jorg/.m2/repository/org/hamcrest/hamcrest-library/1.3/hamcrest-library-1.3.jar:/home/jorg/.m2/repository/org/hamcrest/hamcrest-core/1.3/hamcrest-core-1.3.jar:/home/jorg/.m2/repository/org/testcontainers/testcontainers/1.18.0/testcontainers-1.18.0.jar:/home/jorg/.m2/repository/junit/junit/4.13.2/junit-4.13.2.jar:/home/jorg/.m2/repository/org/apache/commons/commons-compress/1.22/commons-compress-1.22.jar:/home/jorg/.m2/repository/org/rnorth/duct-tape/duct-tape/1.0.8/duct-tape-1.0.8.jar:/home/jorg/.m2/repository/com/github/docker-java/docker-java-api/3.3.0/docker-java-api-3.3.0.jar:/home/jorg/.m2/repository/com/github/docker-java/docker-java-transport-zerodep/3.3.0/docker-java-transport-zerodep-3.3.0.jar:/home/jorg/.m2/repository/com/github/docker-java/docker-java-transport/3.3.0/docker-java-transport-3.3.0.jar:/home/jorg/.m2/repository/net/java/dev/jna/jna/5.12.1/jna-5.12.1.jar:/home/jorg/.m2/repository/org/testcontainers/postgresql/1.18.0/postgresql-1.18.0.jar:/home/jorg/.m2/repository/org/testcontainers/jdbc/1.18.0/jdbc-1.18.0.jar:/home/jorg/.m2/repository/org/testcontainers/database-commons/1.18.0/database-commons-1.18.0.jar:/home/jorg/.m2/repository/org/testcontainers/junit-jupiter/1.18.0/junit-jupiter-1.18.0.jar:/home/jorg/.m2/repository/org/mockito/mockito-core/5.3.1/mockito-core-5.3.1.jar:/home/jorg/.m2/repository/net/bytebuddy/byte-buddy-agent/1.14.4/byte-buddy-agent-1.14.4.jar:/home/jorg/.m2/repository/org/objenesis/objenesis/3.3/objenesis-3.3.jar:/home/jorg/.m2/repository/org/mockito/mockito-junit-jupiter/4.6.1/mockito-junit-jupiter-4.6.1.jar:/home/jorg/.m2/repository/io/rest-assured/rest-assured/5.3.0/rest-assured-5.3.0.jar:/home/jorg/.m2/repository/org/apache/groovy/groovy/4.0.6/groovy-4.0.6.jar:/home/jorg/.m2/repository/org/apache/groovy/groovy-xml/4.0.6/groovy-xml-4.0.6.jar:/home/jorg/.m2/repository/org/apache/httpcomponents/httpclient/4.5.13/httpclient-4.5.13.jar:/home/jorg/.m2/repository/org/apache/httpcomponents/httpcore/4.4.13/httpcore-4.4.13.jar:/home/jorg/.m2/repository/commons-logging/commons-logging/1.2/commons-logging-1.2.jar:/home/jorg/.m2/repository/commons-codec/commons-codec/1.11/commons-codec-1.11.jar:/home/jorg/.m2/repository/org/apache/httpcomponents/httpmime/4.5.13/httpmime-4.5.13.jar:/home/jorg/.m2/repository/org/hamcrest/hamcrest/2.1/hamcrest-2.1.jar:/home/jorg/.m2/repository/org/ccil/cowan/tagsoup/tagsoup/1.2.1/tagsoup-1.2.1.jar:/home/jorg/.m2/repository/io/rest-assured/json-path/5.3.0/json-path-5.3.0.jar:/home/jorg/.m2/repository/org/apache/groovy/groovy-json/4.0.6/groovy-json-4.0.6.jar:/home/jorg/.m2/repository/io/rest-assured/rest-assured-common/5.3.0/rest-assured-common-5.3.0.jar:/home/jorg/.m2/repository/io/rest-assured/xml-path/5.3.0/xml-path-5.3.0.jar:/home/jorg/.m2/repository/org/apache/commons/commons-lang3/3.11/commons-lang3-3.11.jar:/home/jorg/.m2/repository/io/rest-assured/json-schema-validator/5.3.0/json-schema-validator-5.3.0.jar:/home/jorg/.m2/repository/com/github/java-json-tools/json-schema-validator/2.2.14/json-schema-validator-2.2.14.jar:/home/jorg/.m2/repository/com/google/guava/guava/28.2-android/guava-28.2-android.jar:/home/jorg/.m2/repository/com/google/guava/failureaccess/1.0.1/failureaccess-1.0.1.jar:/home/jorg/.m2/repository/com/google/guava/listenablefuture/9999.0-empty-to-avoid-conflict-with-guava/listenablefuture-9999.0-empty-to-avoid-conflict-with-guava.jar:/home/jorg/.m2/repository/org/checkerframework/checker-compat-qual/2.5.5/checker-compat-qual-2.5.5.jar:/home/jorg/.m2/repository/com/google/errorprone/error_prone_annotations/2.3.4/error_prone_annotations-2.3.4.jar:/home/jorg/.m2/repository/com/google/j2objc/j2objc-annotations/1.3/j2objc-annotations-1.3.jar:/home/jorg/.m2/repository/com/github/java-json-tools/jackson-coreutils-equivalence/1.0/jackson-coreutils-equivalence-1.0.jar:/home/jorg/.m2/repository/com/github/java-json-tools/jackson-coreutils/2.0/jackson-coreutils-2.0.jar:/home/jorg/.m2/repository/com/github/java-json-tools/msg-simple/1.2/msg-simple-1.2.jar:/home/jorg/.m2/repository/com/github/java-json-tools/btf/1.3/btf-1.3.jar:/home/jorg/.m2/repository/com/github/java-json-tools/json-schema-core/1.2.14/json-schema-core-1.2.14.jar:/home/jorg/.m2/repository/com/github/java-json-tools/uri-template/0.10/uri-template-0.10.jar:/home/jorg/.m2/repository/org/mozilla/rhino/1.7.7.2/rhino-1.7.7.2.jar:/home/jorg/.m2/repository/com/sun/mail/mailapi/1.6.2/mailapi-1.6.2.jar:/home/jorg/.m2/repository/joda-time/joda-time/2.10.5/joda-time-2.10.5.jar:/home/jorg/.m2/repository/com/googlecode/libphonenumber/libphonenumber/8.11.1/libphonenumber-8.11.1.jar:/home/jorg/.m2/repository/com/google/code/findbugs/jsr305/3.0.2/jsr305-3.0.2.jar:/home/jorg/.m2/repository/net/sf/jopt-simple/jopt-simple/5.0.4/jopt-simple-5.0.4.jar:"/>
    <property name="java.vm.vendor" value="Amazon.com Inc."/>
    <property name="sun.arch.data.model" value="64"/>
    <property name="java.vendor.url" value="https://aws.amazon.com/corretto/"/>
    <property name="user.timezone" value="Europe/Stockholm"/>
    <property name="os.name" value="Linux"/>
    <property name="java.vm.specification.version" value="17"/>
    <property name="sun.java.launcher" value="SUN_STANDARD"/>
    <property name="user.country" value="GB"/>
    <property name="sun.boot.library.path" value="/home/jorg/.jdks/corretto-17.0.7/lib"/>
    <property name="sun.java.command" value="/home/jorg/Work/3-semester/startcode/3sem-javalin-rest-api/target/surefire/surefirebooter-20231127105202763_3.jar /home/jorg/Work/3-semester/startcode/3sem-javalin-rest-api/target/surefire 2023-11-27T10-52-02_658-jvmRun1 surefire-20231127105202763_1tmp surefire_0-20231127105202763_2tmp"/>
    <property name="jdk.debug" value="release"/>
    <property name="surefire.test.class.path" value="/home/jorg/Work/3-semester/startcode/3sem-javalin-rest-api/target/test-classes:/home/jorg/Work/3-semester/startcode/3sem-javalin-rest-api/target/classes:/home/jorg/.m2/repository/io/javalin/javalin-bundle/5.6.0/javalin-bundle-5.6.0.jar:/home/jorg/.m2/repository/io/javalin/javalin/5.6.0/javalin-5.6.0.jar:/home/jorg/.m2/repository/org/jetbrains/annotations/24.0.1/annotations-24.0.1.jar:/home/jorg/.m2/repository/org/eclipse/jetty/jetty-server/11.0.15/jetty-server-11.0.15.jar:/home/jorg/.m2/repository/org/eclipse/jetty/toolchain/jetty-jakarta-servlet-api/5.0.2/jetty-jakarta-servlet-api-5.0.2.jar:/home/jorg/.m2/repository/org/eclipse/jetty/jetty-http/11.0.15/jetty-http-11.0.15.jar:/home/jorg/.m2/repository/org/eclipse/jetty/jetty-webapp/11.0.15/jetty-webapp-11.0.15.jar:/home/jorg/.m2/repository/org/eclipse/jetty/jetty-servlet/11.0.15/jetty-servlet-11.0.15.jar:/home/jorg/.m2/repository/org/eclipse/jetty/jetty-security/11.0.15/jetty-security-11.0.15.jar:/home/jorg/.m2/repository/org/eclipse/jetty/jetty-xml/11.0.15/jetty-xml-11.0.15.jar:/home/jorg/.m2/repository/org/eclipse/jetty/websocket/websocket-jetty-server/11.0.15/websocket-jetty-server-11.0.15.jar:/home/jorg/.m2/repository/org/eclipse/jetty/websocket/websocket-jetty-common/11.0.15/websocket-jetty-common-11.0.15.jar:/home/jorg/.m2/repository/org/eclipse/jetty/websocket/websocket-core-common/11.0.15/websocket-core-common-11.0.15.jar:/home/jorg/.m2/repository/org/eclipse/jetty/websocket/websocket-servlet/11.0.15/websocket-servlet-11.0.15.jar:/home/jorg/.m2/repository/org/eclipse/jetty/websocket/websocket-core-server/11.0.15/websocket-core-server-11.0.15.jar:/home/jorg/.m2/repository/org/eclipse/jetty/jetty-annotations/11.0.15/jetty-annotations-11.0.15.jar:/home/jorg/.m2/repository/org/eclipse/jetty/jetty-plus/11.0.15/jetty-plus-11.0.15.jar:/home/jorg/.m2/repository/org/eclipse/jetty/jetty-jndi/11.0.15/jetty-jndi-11.0.15.jar:/home/jorg/.m2/repository/jakarta/annotation/jakarta.annotation-api/2.1.1/jakarta.annotation-api-2.1.1.jar:/home/jorg/.m2/repository/org/ow2/asm/asm/9.5/asm-9.5.jar:/home/jorg/.m2/repository/org/ow2/asm/asm-commons/9.5/asm-commons-9.5.jar:/home/jorg/.m2/repository/org/ow2/asm/asm-tree/9.5/asm-tree-9.5.jar:/home/jorg/.m2/repository/org/eclipse/jetty/websocket/websocket-jetty-api/11.0.15/websocket-jetty-api-11.0.15.jar:/home/jorg/.m2/repository/io/javalin/javalin-testtools/5.6.0/javalin-testtools-5.6.0.jar:/home/jorg/.m2/repository/com/squareup/okhttp3/okhttp/4.11.0/okhttp-4.11.0.jar:/home/jorg/.m2/repository/com/squareup/okio/okio/3.2.0/okio-3.2.0.jar:/home/jorg/.m2/repository/com/squareup/okio/okio-jvm/3.2.0/okio-jvm-3.2.0.jar:/home/jorg/.m2/repository/io/javalin/javalin-micrometer/5.6.0/javalin-micrometer-5.6.0.jar:/home/jorg/.m2/repository/io/micrometer/micrometer-core/1.10.1/micrometer-core-1.10.1.jar:/home/jorg/.m2/repository/io/micrometer/micrometer-commons/1.10.1/micrometer-commons-1.10.1.jar:/home/jorg/.m2/repository/io/micrometer/micrometer-observation/1.10.1/micrometer-observation-1.10.1.jar:/home/jorg/.m2/repository/org/hdrhistogram/HdrHistogram/2.1.12/HdrHistogram-2.1.12.jar:/home/jorg/.m2/repository/org/latencyutils/LatencyUtils/2.0.3/LatencyUtils-2.0.3.jar:/home/jorg/.m2/repository/io/micrometer/micrometer-jetty11/1.10.1/micrometer-jetty11-1.10.1.jar:/home/jorg/.m2/repository/com/fasterxml/jackson/module/jackson-module-kotlin/2.15.0/jackson-module-kotlin-2.15.0.jar:/home/jorg/.m2/repository/org/jetbrains/kotlin/kotlin-reflect/1.5.32/kotlin-reflect-1.5.32.jar:/home/jorg/.m2/repository/com/fasterxml/jackson/datatype/jackson-datatype-jsr310/2.15.0/jackson-datatype-jsr310-2.15.0.jar:/home/jorg/.m2/repository/com/aayushatharva/brotli4j/brotli4j/1.11.0/brotli4j-1.11.0.jar:/home/jorg/.m2/repository/com/aayushatharva/brotli4j/service/1.11.0/service-1.11.0.jar:/home/jorg/.m2/repository/com/aayushatharva/brotli4j/native-linux-x86_64/1.11.0/native-linux-x86_64-1.11.0.jar:/home/jorg/.m2/repository/org/eclipse/jetty/http2/http2-server/11.0.15/http2-server-11.0.15.jar:/home/jorg/.m2/repository/org/eclipse/jetty/http2/http2-common/11.0.15/http2-common-11.0.15.jar:/home/jorg/.m2/repository/org/eclipse/jetty/http2/http2-hpack/11.0.15/http2-hpack-11.0.15.jar:/home/jorg/.m2/repository/org/eclipse/jetty/jetty-alpn-conscrypt-server/11.0.15/jetty-alpn-conscrypt-server-11.0.15.jar:/home/jorg/.m2/repository/org/conscrypt/conscrypt-openjdk-uber/2.5.2/conscrypt-openjdk-uber-2.5.2.jar:/home/jorg/.m2/repository/org/eclipse/jetty/jetty-alpn-server/11.0.15/jetty-alpn-server-11.0.15.jar:/home/jorg/.m2/repository/org/eclipse/jetty/jetty-io/11.0.15/jetty-io-11.0.15.jar:/home/jorg/.m2/repository/org/eclipse/jetty/jetty-util/11.0.15/jetty-util-11.0.15.jar:/home/jorg/.m2/repository/org/jetbrains/kotlin/kotlin-stdlib-jdk8/1.8.21/kotlin-stdlib-jdk8-1.8.21.jar:/home/jorg/.m2/repository/org/jetbrains/kotlin/kotlin-stdlib/1.8.21/kotlin-stdlib-1.8.21.jar:/home/jorg/.m2/repository/org/jetbrains/kotlin/kotlin-stdlib-common/1.8.21/kotlin-stdlib-common-1.8.21.jar:/home/jorg/.m2/repository/org/jetbrains/kotlin/kotlin-stdlib-jdk7/1.8.21/kotlin-stdlib-jdk7-1.8.21.jar:/home/jorg/.m2/repository/com/fasterxml/jackson/core/jackson-databind/2.15.0/jackson-databind-2.15.0.jar:/home/jorg/.m2/repository/com/fasterxml/jackson/core/jackson-annotations/2.15.0/jackson-annotations-2.15.0.jar:/home/jorg/.m2/repository/com/fasterxml/jackson/core/jackson-core/2.15.0/jackson-core-2.15.0.jar:/home/jorg/.m2/repository/com/google/code/gson/gson/2.10.1/gson-2.10.1.jar:/home/jorg/.m2/repository/org/projectlombok/lombok/1.18.28/lombok-1.18.28.jar:/home/jorg/.m2/repository/com/nimbusds/nimbus-jose-jwt/9.0.1/nimbus-jose-jwt-9.0.1.jar:/home/jorg/.m2/repository/com/github/stephenc/jcip/jcip-annotations/1.0-1/jcip-annotations-1.0-1.jar:/home/jorg/.m2/repository/org/mindrot/jbcrypt/0.4/jbcrypt-0.4.jar:/home/jorg/.m2/repository/org/postgresql/postgresql/42.6.0/postgresql-42.6.0.jar:/home/jorg/.m2/repository/org/checkerframework/checker-qual/3.31.0/checker-qual-3.31.0.jar:/home/jorg/.m2/repository/org/hibernate/orm/hibernate-core/6.2.4.Final/hibernate-core-6.2.4.Final.jar:/home/jorg/.m2/repository/jakarta/persistence/jakarta.persistence-api/3.1.0/jakarta.persistence-api-3.1.0.jar:/home/jorg/.m2/repository/jakarta/transaction/jakarta.transaction-api/2.0.1/jakarta.transaction-api-2.0.1.jar:/home/jorg/.m2/repository/org/jboss/logging/jboss-logging/3.5.0.Final/jboss-logging-3.5.0.Final.jar:/home/jorg/.m2/repository/org/hibernate/common/hibernate-commons-annotations/6.0.6.Final/hibernate-commons-annotations-6.0.6.Final.jar:/home/jorg/.m2/repository/io/smallrye/jandex/3.0.5/jandex-3.0.5.jar:/home/jorg/.m2/repository/com/fasterxml/classmate/1.5.1/classmate-1.5.1.jar:/home/jorg/.m2/repository/net/bytebuddy/byte-buddy/1.12.18/byte-buddy-1.12.18.jar:/home/jorg/.m2/repository/jakarta/xml/bind/jakarta.xml.bind-api/4.0.0/jakarta.xml.bind-api-4.0.0.jar:/home/jorg/.m2/repository/jakarta/activation/jakarta.activation-api/2.1.0/jakarta.activation-api-2.1.0.jar:/home/jorg/.m2/repository/org/glassfish/jaxb/jaxb-runtime/4.0.2/jaxb-runtime-4.0.2.jar:/home/jorg/.m2/repository/org/glassfish/jaxb/jaxb-core/4.0.2/jaxb-core-4.0.2.jar:/home/jorg/.m2/repository/org/eclipse/angus/angus-activation/2.0.0/angus-activation-2.0.0.jar:/home/jorg/.m2/repository/org/glassfish/jaxb/txw2/4.0.2/txw2-4.0.2.jar:/home/jorg/.m2/repository/com/sun/istack/istack-commons-runtime/4.1.1/istack-commons-runtime-4.1.1.jar:/home/jorg/.m2/repository/jakarta/inject/jakarta.inject-api/2.0.1/jakarta.inject-api-2.0.1.jar:/home/jorg/.m2/repository/org/antlr/antlr4-runtime/4.10.1/antlr4-runtime-4.10.1.jar:/home/jorg/.m2/repository/com/zaxxer/HikariCP/5.0.1/HikariCP-5.0.1.jar:/home/jorg/.m2/repository/org/hibernate/orm/hibernate-hikaricp/6.2.4.Final/hibernate-hikaricp-6.2.4.Final.jar:/home/jorg/.m2/repository/ch/qos/logback/logback-classic/1.4.7/logback-classic-1.4.7.jar:/home/jorg/.m2/repository/ch/qos/logback/logback-core/1.4.7/logback-core-1.4.7.jar:/home/jorg/.m2/repository/org/slf4j/slf4j-api/2.0.7/slf4j-api-2.0.7.jar:/home/jorg/.m2/repository/org/junit/jupiter/junit-jupiter-api/5.9.1/junit-jupiter-api-5.9.1.jar:/home/jorg/.m2/repository/org/opentest4j/opentest4j/1.2.0/opentest4j-1.2.0.jar:/home/jorg/.m2/repository/org/junit/platform/junit-platform-commons/1.9.1/junit-platform-commons-1.9.1.jar:/home/jorg/.m2/repository/org/apiguardian/apiguardian-api/1.1.2/apiguardian-api-1.1.2.jar:/home/jorg/.m2/repository/org/junit/jupiter/junit-jupiter-engine/5.9.1/junit-jupiter-engine-5.9.1.jar:/home/jorg/.m2/repository/org/junit/platform/junit-platform-engine/1.9.1/junit-platform-engine-1.9.1.jar:/home/jorg/.m2/repository/org/junit/jupiter/junit-jupiter-params/5.9.1/junit-jupiter-params-5.9.1.jar:/home/jorg/.m2/repository/org/hamcrest/hamcrest-library/1.3/hamcrest-library-1.3.jar:/home/jorg/.m2/repository/org/hamcrest/hamcrest-core/1.3/hamcrest-core-1.3.jar:/home/jorg/.m2/repository/org/testcontainers/testcontainers/1.18.0/testcontainers-1.18.0.jar:/home/jorg/.m2/repository/junit/junit/4.13.2/junit-4.13.2.jar:/home/jorg/.m2/repository/org/apache/commons/commons-compress/1.22/commons-compress-1.22.jar:/home/jorg/.m2/repository/org/rnorth/duct-tape/duct-tape/1.0.8/duct-tape-1.0.8.jar:/home/jorg/.m2/repository/com/github/docker-java/docker-java-api/3.3.0/docker-java-api-3.3.0.jar:/home/jorg/.m2/repository/com/github/docker-java/docker-java-transport-zerodep/3.3.0/docker-java-transport-zerodep-3.3.0.jar:/home/jorg/.m2/repository/com/github/docker-java/docker-java-transport/3.3.0/docker-java-transport-3.3.0.jar:/home/jorg/.m2/repository/net/java/dev/jna/jna/5.12.1/jna-5.12.1.jar:/home/jorg/.m2/repository/org/testcontainers/postgresql/1.18.0/postgresql-1.18.0.jar:/home/jorg/.m2/repository/org/testcontainers/jdbc/1.18.0/jdbc-1.18.0.jar:/home/jorg/.m2/repository/org/testcontainers/database-commons/1.18.0/database-commons-1.18.0.jar:/home/jorg/.m2/repository/org/testcontainers/junit-jupiter/1.18.0/junit-jupiter-1.18.0.jar:/home/jorg/.m2/repository/org/mockito/mockito-core/5.3.1/mockito-core-5.3.1.jar:/home/jorg/.m2/repository/net/bytebuddy/byte-buddy-agent/1.14.4/byte-buddy-agent-1.14.4.jar:/home/jorg/.m2/repository/org/objenesis/objenesis/3.3/objenesis-3.3.jar:/home/jorg/.m2/repository/org/mockito/mockito-junit-jupiter/4.6.1/mockito-junit-jupiter-4.6.1.jar:/home/jorg/.m2/repository/io/rest-assured/rest-assured/5.3.0/rest-assured-5.3.0.jar:/home/jorg/.m2/repository/org/apache/groovy/groovy/4.0.6/groovy-4.0.6.jar:/home/jorg/.m2/repository/org/apache/groovy/groovy-xml/4.0.6/groovy-xml-4.0.6.jar:/home/jorg/.m2/repository/org/apache/httpcomponents/httpclient/4.5.13/httpclient-4.5.13.jar:/home/jorg/.m2/repository/org/apache/httpcomponents/httpcore/4.4.13/httpcore-4.4.13.jar:/home/jorg/.m2/repository/commons-logging/commons-logging/1.2/commons-logging-1.2.jar:/home/jorg/.m2/repository/commons-codec/commons-codec/1.11/commons-codec-1.11.jar:/home/jorg/.m2/repository/org/apache/httpcomponents/httpmime/4.5.13/httpmime-4.5.13.jar:/home/jorg/.m2/repository/org/hamcrest/hamcrest/2.1/hamcrest-2.1.jar:/home/jorg/.m2/repository/org/ccil/cowan/tagsoup/tagsoup/1.2.1/tagsoup-1.2.1.jar:/home/jorg/.m2/repository/io/rest-assured/json-path/5.3.0/json-path-5.3.0.jar:/home/jorg/.m2/repository/org/apache/groovy/groovy-json/4.0.6/groovy-json-4.0.6.jar:/home/jorg/.m2/repository/io/rest-assured/rest-assured-common/5.3.0/rest-assured-common-5.3.0.jar:/home/jorg/.m2/repository/io/rest-assured/xml-path/5.3.0/xml-path-5.3.0.jar:/home/jorg/.m2/repository/org/apache/commons/commons-lang3/3.11/commons-lang3-3.11.jar:/home/jorg/.m2/repository/io/rest-assured/json-schema-validator/5.3.0/json-schema-validator-5.3.0.jar:/home/jorg/.m2/repository/com/github/java-json-tools/json-schema-validator/2.2.14/json-schema-validator-2.2.14.jar:/home/jorg/.m2/repository/com/google/guava/guava/28.2-android/guava-28.2-android.jar:/home/jorg/.m2/repository/com/google/guava/failureaccess/1.0.1/failureaccess-1.0.1.jar:/home/jorg/.m2/repository/com/google/guava/listenablefuture/9999.0-empty-to-avoid-conflict-with-guava/listenablefuture-9999.0-empty-to-avoid-conflict-with-guava.jar:/home/jorg/.m2/repository/org/checkerframework/checker-compat-qual/2.5.5/checker-compat-qual-2.5.5.jar:/home/jorg/.m2/repository/com/google/errorprone/error_prone_annotations/2.3.4/error_prone_annotations-2.3.4.jar:/home/jorg/.m2/repository/com/google/j2objc/j2objc-annotations/1.3/j2objc-annotations-1.3.jar:/home/jorg/.m2/repository/com/github/java-json-tools/jackson-coreutils-equivalence/1.0/jackson-coreutils-equivalence-1.0.jar:/home/jorg/.m2/repository/com/github/java-json-tools/jackson-coreutils/2.0/jackson-coreutils-2.0.jar:/home/jorg/.m2/repository/com/github/java-json-tools/msg-simple/1.2/msg-simple-1.2.jar:/home/jorg/.m2/repository/com/github/java-json-tools/btf/1.3/btf-1.3.jar:/home/jorg/.m2/repository/com/github/java-json-tools/json-schema-core/1.2.14/json-schema-core-1.2.14.jar:/home/jorg/.m2/repository/com/github/java-json-tools/uri-template/0.10/uri-template-0.10.jar:/home/jorg/.m2/repository/org/mozilla/rhino/1.7.7.2/rhino-1.7.7.2.jar:/home/jorg/.m2/repository/com/sun/mail/mailapi/1.6.2/mailapi-1.6.2.jar:/home/jorg/.m2/repository/joda-time/joda-time/2.10.5/joda-time-2.10.5.jar:/home/jorg/.m2/repository/com/googlecode/libphonenumber/libphonenumber/8.11.1/libphonenumber-8.11.1.jar:/home/jorg/.m2/repository/com/google/code/findbugs/jsr305/3.0.2/jsr305-3.0.2.jar:/home/jorg/.m2/repository/net/sf/jopt-simple/jopt-simple/5.0.4/jopt-simple-5.0.4.jar:"/>
    <property name="sun.cpu.endian" value="little"/>
    <property name="user.home" value="/home/jorg"/>
    <property name="user.language" value="en"/>
    <property name="java.specification.vendor" value="Oracle Corporation"/>
    <property name="java.version.date" value="2023-04-18"/>
    <property name="java.home" value="/home/jorg/.jdks/corretto-17.0.7"/>
    <property name="file.separator" value="/"/>
    <property name="basedir" value="/home/jorg/Work/3-semester/startcode/3sem-javalin-rest-api"/>
    <property name="java.vm.compressedOopsMode" value="Zero based"/>
    <property name="line.separator" value="&#10;"/>
    <property name="java.specification.name" value="Java Platform API Specification"/>
    <property name="java.vm.specification.vendor" value="Oracle Corporation"/>
    <property name="surefire.real.class.path" value="/home/jorg/Work/3-semester/startcode/3sem-javalin-rest-api/target/surefire/surefirebooter-20231127105202763_3.jar"/>
    <property name="sun.management.compiler" value="HotSpot 64-Bit Tiered Compilers"/>
    <property name="java.runtime.version" value="17.0.7+7-LTS"/>
    <property name="user.name" value="jorg"/>
    <property name="path.separator" value=":"/>
    <property name="os.version" value="6.5.6-76060506-generic"/>
    <property name="java.runtime.name" value="OpenJDK Runtime Environment"/>
    <property name="file.encoding" value="UTF-8"/>
    <property name="java.vm.name" value="OpenJDK 64-Bit Server VM"/>
    <property name="java.vendor.version" value="Corretto-17.0.7.7.1"/>
    <property name="localRepository" value="/home/jorg/.m2/repository"/>
    <property name="java.vendor.url.bug" value="https://github.com/corretto/corretto-17/issues/"/>
    <property name="jetty.git.hash" value="5bc5e562c8d05c5862505aebe5cf83a61bdbcb96"/>
    <property name="java.io.tmpdir" value="/tmp"/>
    <property name="idea.version" value="2023.2.5"/>
    <property name="com.zaxxer.hikari.pool_number" value="1"/>
    <property name="java.version" value="17.0.7"/>
    <property name="user.dir" value="/home/jorg/Work/3-semester/startcode/3sem-javalin-rest-api"/>
    <property name="os.arch" value="amd64"/>
    <property name="java.vm.specification.name" value="Java Virtual Machine Specification"/>
    <property name="native.encoding" value="UTF-8"/>
    <property name="java.library.path" value="/usr/java/packages/lib:/usr/lib64:/lib64:/lib:/usr/lib"/>
    <property name="java.vm.info" value="mixed mode, sharing"/>
    <property name="java.vendor" value="Amazon.com Inc."/>
    <property name="java.vm.version" value="17.0.7+7-LTS"/>
    <property name="sun.io.unicode.encoding" value="UnicodeLittle"/>
    <property name="java.class.version" value="61.0"/>
  </properties>
  <testcase name="createPersonWithNotAcceptedRole" classname="dk.lyngby.handler.PersonHandlerTest" time="0.104">
    <error message="Failed making field &apos;java.time.LocalDateTime#date&apos; accessible; either increase its visibility or write a custom TypeAdapter for its declaring type." type="com.google.gson.JsonIOException"><![CDATA[com.google.gson.JsonIOException: Failed making field 'java.time.LocalDateTime#date' accessible; either increase its visibility or write a custom TypeAdapter for its declaring type.
	at com.google.gson.internal.reflect.ReflectionHelper.makeAccessible(ReflectionHelper.java:38)
	at com.google.gson.internal.bind.ReflectiveTypeAdapterFactory.getBoundFields(ReflectiveTypeAdapterFactory.java:286)
	at com.google.gson.internal.bind.ReflectiveTypeAdapterFactory.create(ReflectiveTypeAdapterFactory.java:130)
	at com.google.gson.Gson.getAdapter(Gson.java:556)
	at com.google.gson.internal.bind.ReflectiveTypeAdapterFactory.createBoundField(ReflectiveTypeAdapterFactory.java:160)
	at com.google.gson.internal.bind.ReflectiveTypeAdapterFactory.getBoundFields(ReflectiveTypeAdapterFactory.java:294)
	at com.google.gson.internal.bind.ReflectiveTypeAdapterFactory.create(ReflectiveTypeAdapterFactory.java:130)
	at com.google.gson.Gson.getAdapter(Gson.java:556)
	at com.google.gson.Gson.toJson(Gson.java:834)
	at com.google.gson.Gson.toJson(Gson.java:812)
	at com.google.gson.Gson.toJson(Gson.java:759)
	at com.google.gson.Gson.toJson(Gson.java:736)
	at dk.lyngby.handler.PersonHandlerTest.createPersonWithNotAcceptedRole(PersonHandlerTest.java:90)
	at java.base/jdk.internal.reflect.NativeMethodAccessorImpl.invoke0(Native Method)
	at java.base/jdk.internal.reflect.NativeMethodAccessorImpl.invoke(NativeMethodAccessorImpl.java:77)
	at java.base/jdk.internal.reflect.DelegatingMethodAccessorImpl.invoke(DelegatingMethodAccessorImpl.java:43)
	at java.base/java.lang.reflect.Method.invoke(Method.java:568)
	at org.junit.platform.commons.util.ReflectionUtils.invokeMethod(ReflectionUtils.java:727)
	at org.junit.jupiter.engine.execution.MethodInvocation.proceed(MethodInvocation.java:60)
	at org.junit.jupiter.engine.execution.InvocationInterceptorChain$ValidatingInvocation.proceed(InvocationInterceptorChain.java:131)
	at org.junit.jupiter.engine.extension.TimeoutExtension.intercept(TimeoutExtension.java:156)
	at org.junit.jupiter.engine.extension.TimeoutExtension.interceptTestableMethod(TimeoutExtension.java:147)
	at org.junit.jupiter.engine.extension.TimeoutExtension.interceptTestMethod(TimeoutExtension.java:86)
	at org.junit.jupiter.engine.execution.InterceptingExecutableInvoker$ReflectiveInterceptorCall.lambda$ofVoidMethod$0(InterceptingExecutableInvoker.java:103)
	at org.junit.jupiter.engine.execution.InterceptingExecutableInvoker.lambda$invoke$0(InterceptingExecutableInvoker.java:93)
	at org.junit.jupiter.engine.execution.InvocationInterceptorChain$InterceptedInvocation.proceed(InvocationInterceptorChain.java:106)
	at org.junit.jupiter.engine.execution.InvocationInterceptorChain.proceed(InvocationInterceptorChain.java:64)
	at org.junit.jupiter.engine.execution.InvocationInterceptorChain.chainAndInvoke(InvocationInterceptorChain.java:45)
	at org.junit.jupiter.engine.execution.InvocationInterceptorChain.invoke(InvocationInterceptorChain.java:37)
	at org.junit.jupiter.engine.execution.InterceptingExecutableInvoker.invoke(InterceptingExecutableInvoker.java:92)
	at org.junit.jupiter.engine.execution.InterceptingExecutableInvoker.invoke(InterceptingExecutableInvoker.java:86)
	at org.junit.jupiter.engine.descriptor.TestMethodTestDescriptor.lambda$invokeTestMethod$7(TestMethodTestDescriptor.java:217)
	at org.junit.platform.engine.support.hierarchical.ThrowableCollector.execute(ThrowableCollector.java:73)
	at org.junit.jupiter.engine.descriptor.TestMethodTestDescriptor.invokeTestMethod(TestMethodTestDescriptor.java:213)
	at org.junit.jupiter.engine.descriptor.TestMethodTestDescriptor.execute(TestMethodTestDescriptor.java:138)
	at org.junit.jupiter.engine.descriptor.TestMethodTestDescriptor.execute(TestMethodTestDescriptor.java:68)
	at org.junit.platform.engine.support.hierarchical.NodeTestTask.lambda$executeRecursively$6(NodeTestTask.java:151)
	at org.junit.platform.engine.support.hierarchical.ThrowableCollector.execute(ThrowableCollector.java:73)
	at org.junit.platform.engine.support.hierarchical.NodeTestTask.lambda$executeRecursively$8(NodeTestTask.java:141)
	at org.junit.platform.engine.support.hierarchical.Node.around(Node.java:137)
	at org.junit.platform.engine.support.hierarchical.NodeTestTask.lambda$executeRecursively$9(NodeTestTask.java:139)
	at org.junit.platform.engine.support.hierarchical.ThrowableCollector.execute(ThrowableCollector.java:73)
	at org.junit.platform.engine.support.hierarchical.NodeTestTask.executeRecursively(NodeTestTask.java:138)
	at org.junit.platform.engine.support.hierarchical.NodeTestTask.execute(NodeTestTask.java:95)
	at java.base/java.util.ArrayList.forEach(ArrayList.java:1511)
	at org.junit.platform.engine.support.hierarchical.SameThreadHierarchicalTestExecutorService.invokeAll(SameThreadHierarchicalTestExecutorService.java:41)
	at org.junit.platform.engine.support.hierarchical.NodeTestTask.lambda$executeRecursively$6(NodeTestTask.java:155)
	at org.junit.platform.engine.support.hierarchical.ThrowableCollector.execute(ThrowableCollector.java:73)
	at org.junit.platform.engine.support.hierarchical.NodeTestTask.lambda$executeRecursively$8(NodeTestTask.java:141)
	at org.junit.platform.engine.support.hierarchical.Node.around(Node.java:137)
	at org.junit.platform.engine.support.hierarchical.NodeTestTask.lambda$executeRecursively$9(NodeTestTask.java:139)
	at org.junit.platform.engine.support.hierarchical.ThrowableCollector.execute(ThrowableCollector.java:73)
	at org.junit.platform.engine.support.hierarchical.NodeTestTask.executeRecursively(NodeTestTask.java:138)
	at org.junit.platform.engine.support.hierarchical.NodeTestTask.execute(NodeTestTask.java:95)
	at java.base/java.util.ArrayList.forEach(ArrayList.java:1511)
	at org.junit.platform.engine.support.hierarchical.SameThreadHierarchicalTestExecutorService.invokeAll(SameThreadHierarchicalTestExecutorService.java:41)
	at org.junit.platform.engine.support.hierarchical.NodeTestTask.lambda$executeRecursively$6(NodeTestTask.java:155)
	at org.junit.platform.engine.support.hierarchical.ThrowableCollector.execute(ThrowableCollector.java:73)
	at org.junit.platform.engine.support.hierarchical.NodeTestTask.lambda$executeRecursively$8(NodeTestTask.java:141)
	at org.junit.platform.engine.support.hierarchical.Node.around(Node.java:137)
	at org.junit.platform.engine.support.hierarchical.NodeTestTask.lambda$executeRecursively$9(NodeTestTask.java:139)
	at org.junit.platform.engine.support.hierarchical.ThrowableCollector.execute(ThrowableCollector.java:73)
	at org.junit.platform.engine.support.hierarchical.NodeTestTask.executeRecursively(NodeTestTask.java:138)
	at org.junit.platform.engine.support.hierarchical.NodeTestTask.execute(NodeTestTask.java:95)
	at org.junit.platform.engine.support.hierarchical.SameThreadHierarchicalTestExecutorService.submit(SameThreadHierarchicalTestExecutorService.java:35)
	at org.junit.platform.engine.support.hierarchical.HierarchicalTestExecutor.execute(HierarchicalTestExecutor.java:57)
	at org.junit.platform.engine.support.hierarchical.HierarchicalTestEngine.execute(HierarchicalTestEngine.java:54)
	at org.junit.platform.launcher.core.EngineExecutionOrchestrator.execute(EngineExecutionOrchestrator.java:147)
	at org.junit.platform.launcher.core.EngineExecutionOrchestrator.execute(EngineExecutionOrchestrator.java:127)
	at org.junit.platform.launcher.core.EngineExecutionOrchestrator.execute(EngineExecutionOrchestrator.java:90)
	at org.junit.platform.launcher.core.EngineExecutionOrchestrator.lambda$execute$0(EngineExecutionOrchestrator.java:55)
	at org.junit.platform.launcher.core.EngineExecutionOrchestrator.withInterceptedStreams(EngineExecutionOrchestrator.java:102)
	at org.junit.platform.launcher.core.EngineExecutionOrchestrator.execute(EngineExecutionOrchestrator.java:54)
	at org.junit.platform.launcher.core.DefaultLauncher.execute(DefaultLauncher.java:114)
	at org.junit.platform.launcher.core.DefaultLauncher.execute(DefaultLauncher.java:86)
	at org.junit.platform.launcher.core.DefaultLauncherSession$DelegatingLauncher.execute(DefaultLauncherSession.java:86)
	at org.apache.maven.surefire.junitplatform.LazyLauncher.execute(LazyLauncher.java:50)
	at org.apache.maven.surefire.junitplatform.JUnitPlatformProvider.execute(JUnitPlatformProvider.java:184)
	at org.apache.maven.surefire.junitplatform.JUnitPlatformProvider.invokeAllTests(JUnitPlatformProvider.java:148)
	at org.apache.maven.surefire.junitplatform.JUnitPlatformProvider.invoke(JUnitPlatformProvider.java:122)
	at org.apache.maven.surefire.booter.ForkedBooter.runSuitesInProcess(ForkedBooter.java:385)
	at org.apache.maven.surefire.booter.ForkedBooter.execute(ForkedBooter.java:162)
	at org.apache.maven.surefire.booter.ForkedBooter.run(ForkedBooter.java:507)
	at org.apache.maven.surefire.booter.ForkedBooter.main(ForkedBooter.java:495)
Caused by: java.lang.reflect.InaccessibleObjectException: Unable to make field private final java.time.LocalDate java.time.LocalDateTime.date accessible: module java.base does not "opens java.time" to unnamed module @50a20713
	at java.base/java.lang.reflect.AccessibleObject.checkCanSetAccessible(AccessibleObject.java:354)
	at java.base/java.lang.reflect.AccessibleObject.checkCanSetAccessible(AccessibleObject.java:297)
	at java.base/java.lang.reflect.Field.checkCanSetAccessible(Field.java:178)
	at java.base/java.lang.reflect.Field.setAccessible(Field.java:172)
	at com.google.gson.internal.reflect.ReflectionHelper.makeAccessible(ReflectionHelper.java:35)
	... 83 more
]]></error>
    <system-out><![CDATA[10:52:03,372 |-INFO in ch.qos.logback.classic.LoggerContext[default] - This is logback-classic version 1.4.7
10:52:03,389 |-INFO in ch.qos.logback.classic.LoggerContext[default] - Could NOT find resource [logback-test.xml]
10:52:03,392 |-INFO in ch.qos.logback.classic.LoggerContext[default] - Found resource [logback.xml] at [file:/home/jorg/Work/3-semester/startcode/3sem-javalin-rest-api/target/classes/logback.xml]
10:52:03,392 |-WARN in ch.qos.logback.classic.util.DefaultJoranConfigurator@35645047 - Resource [logback.xml] occurs multiple times on the classpath.
10:52:03,392 |-WARN in ch.qos.logback.classic.util.DefaultJoranConfigurator@35645047 - Resource [logback.xml] occurs at [jar:file:/home/jorg/.m2/repository/io/javalin/javalin-bundle/5.6.0/javalin-bundle-5.6.0.jar!/logback.xml]
10:52:03,392 |-WARN in ch.qos.logback.classic.util.DefaultJoranConfigurator@35645047 - Resource [logback.xml] occurs at [file:/home/jorg/Work/3-semester/startcode/3sem-javalin-rest-api/target/classes/logback.xml]
10:52:03,459 |-INFO in ch.qos.logback.classic.model.processor.ConfigurationModelHandler - Registering a new ReconfigureOnChangeTask ReconfigureOnChangeTask(born:1701078723457)
10:52:03,459 |-INFO in ch.qos.logback.classic.model.processor.ConfigurationModelHandler - No 'scanPeriod' specified. Defaulting to 1 minutes
10:52:03,459 |-INFO in ch.qos.logback.classic.model.processor.ConfigurationModelHandler - Will scan for changes in [file:/home/jorg/Work/3-semester/startcode/3sem-javalin-rest-api/target/classes/logback.xml] 
10:52:03,459 |-INFO in ch.qos.logback.classic.model.processor.ConfigurationModelHandler - Setting ReconfigureOnChangeTask scanning period to 1 minutes
10:52:03,463 |-INFO in ch.qos.logback.core.model.processor.AppenderModelHandler - Processing appender named [CONSOLE]
10:52:03,463 |-INFO in ch.qos.logback.core.model.processor.AppenderModelHandler - About to instantiate appender of type [ch.qos.logback.core.ConsoleAppender]
10:52:03,467 |-INFO in ch.qos.logback.core.model.processor.ImplicitModelHandler - Assuming default type [ch.qos.logback.classic.encoder.PatternLayoutEncoder] for [encoder] property
10:52:03,489 |-INFO in ch.qos.logback.core.model.processor.AppenderModelHandler - Processing appender named [FILE]
10:52:03,489 |-INFO in ch.qos.logback.core.model.processor.AppenderModelHandler - About to instantiate appender of type [ch.qos.logback.core.rolling.RollingFileAppender]
10:52:03,492 |-INFO in ch.qos.logback.core.model.processor.ImplicitModelHandler - Assuming default type [ch.qos.logback.classic.encoder.PatternLayoutEncoder] for [encoder] property
10:52:03,494 |-INFO in c.q.l.core.rolling.TimeBasedRollingPolicy@1866768727 - setting totalSizeCap to 10 MB
10:52:03,496 |-INFO in c.q.l.core.rolling.TimeBasedRollingPolicy@1866768727 - Will use gz compression
10:52:03,497 |-INFO in c.q.l.core.rolling.TimeBasedRollingPolicy@1866768727 - Will use the pattern src/main/resources/logs/application.%d{yyyy-MM-dd} for the active file
10:52:03,514 |-INFO in c.q.l.core.rolling.DefaultTimeBasedFileNamingAndTriggeringPolicy - The date pattern is 'yyyy-MM-dd' from file name pattern 'src/main/resources/logs/application.%d{yyyy-MM-dd}.gz'.
10:52:03,514 |-INFO in c.q.l.core.rolling.DefaultTimeBasedFileNamingAndTriggeringPolicy - Roll-over at midnight.
10:52:03,520 |-INFO in c.q.l.core.rolling.DefaultTimeBasedFileNamingAndTriggeringPolicy - Setting initial period to 2023-10-26T17:09:14.371Z
10:52:03,522 |-INFO in ch.qos.logback.core.rolling.RollingFileAppender[FILE] - Active log file name: src/main/resources/logs/application.log
10:52:03,523 |-INFO in ch.qos.logback.core.rolling.RollingFileAppender[FILE] - File property is set to [src/main/resources/logs/application.log]
10:52:03,524 |-INFO in ch.qos.logback.classic.model.processor.LoggerModelHandler - Setting level of logger [dk.lyngby.routes] to INFO
10:52:03,525 |-INFO in ch.qos.logback.classic.model.processor.LoggerModelHandler - Setting additivity of logger [dk.lyngby.routes] to false
10:52:03,526 |-INFO in ch.qos.logback.core.model.processor.AppenderRefModelHandler - Attaching appender named [CONSOLE] to Logger[dk.lyngby.routes]
10:52:03,526 |-INFO in ch.qos.logback.core.model.processor.AppenderRefModelHandler - Attaching appender named [FILE] to Logger[dk.lyngby.routes]
10:52:03,526 |-INFO in ch.qos.logback.classic.model.processor.RootLoggerModelHandler - Setting level of ROOT logger to INFO
10:52:03,526 |-INFO in ch.qos.logback.core.model.processor.AppenderRefModelHandler - Attaching appender named [CONSOLE] to Logger[ROOT]
10:52:03,526 |-INFO in ch.qos.logback.core.model.processor.DefaultProcessor@6bc407fd - End of configuration.
10:52:03,527 |-INFO in ch.qos.logback.classic.joran.JoranConfigurator@291f18 - Registering current configuration as safe fallback point

2023-11-27 10:52:03,601 [main] &amp#27;[34mINFO &amp#27;[0;39m &amp#27;[36morg.hibernate.Version&amp#27;[0;39m - &amp#27;[32mHHH000412: Hibernate ORM core version 6.2.4.Final
&amp#27;[0;39m2023-11-27 10:52:03,605 [main] &amp#27;[34mINFO &amp#27;[0;39m &amp#27;[36morg.hibernate.cfg.Environment&amp#27;[0;39m - &amp#27;[32mHHH000406: Using bytecode reflection optimizer
&amp#27;[0;39m2023-11-27 10:52:03,774 [main] &amp#27;[34mINFO &amp#27;[0;39m &amp#27;[36mcom.zaxxer.hikari.HikariDataSource&amp#27;[0;39m - &amp#27;[32mHikariPool-1 - Starting...
&amp#27;[0;39m2023-11-27 10:52:03,826 [main] &amp#27;[34mINFO &amp#27;[0;39m &amp#27;[36mo.t.utility.ImageNameSubstitutor&amp#27;[0;39m - &amp#27;[32mImage name substitution will be performed by: DefaultImageNameSubstitutor (composite of 'ConfigurationFileImageNameSubstitutor' and 'PrefixingImageNameSubstitutor')
&amp#27;[0;39m2023-11-27 10:52:03,995 [main] &amp#27;[34mINFO &amp#27;[0;39m &amp#27;[36mo.t.d.DockerClientProviderStrategy&amp#27;[0;39m - &amp#27;[32mLoaded org.testcontainers.dockerclient.UnixSocketClientProviderStrategy from ~/.testcontainers.properties, will try it first
&amp#27;[0;39m2023-11-27 10:52:04,266 [main] &amp#27;[34mINFO &amp#27;[0;39m &amp#27;[36mo.t.d.DockerClientProviderStrategy&amp#27;[0;39m - &amp#27;[32mFound Docker environment with local Unix socket (unix:///var/run/docker.sock)
&amp#27;[0;39m2023-11-27 10:52:04,267 [main] &amp#27;[34mINFO &amp#27;[0;39m &amp#27;[36mo.testcontainers.DockerClientFactory&amp#27;[0;39m - &amp#27;[32mDocker host IP address is localhost
&amp#27;[0;39m2023-11-27 10:52:04,282 [main] &amp#27;[34mINFO &amp#27;[0;39m &amp#27;[36mo.testcontainers.DockerClientFactory&amp#27;[0;39m - &amp#27;[32mConnected to docker: 
  Server Version: 24.0.7
  API Version: 1.43
  Operating System: Pop!_OS 22.04 LTS
  Total Memory: 15339 MB
&amp#27;[0;39m2023-11-27 10:52:04,317 [main] &amp#27;[34mINFO &amp#27;[0;39m &amp#27;[36mtc.testcontainers/ryuk:0.4.0&amp#27;[0;39m - &amp#27;[32mCreating container for image: testcontainers/ryuk:0.4.0
&amp#27;[0;39m2023-11-27 10:52:04,451 [main] &amp#27;[34mINFO &amp#27;[0;39m &amp#27;[36mtc.testcontainers/ryuk:0.4.0&amp#27;[0;39m - &amp#27;[32mContainer testcontainers/ryuk:0.4.0 is starting: 4e5b75b6d4e17e5373fa3cfb26624d41187d9c716b4d4bd606a504147c8d79fb
&amp#27;[0;39m2023-11-27 10:52:05,022 [main] &amp#27;[34mINFO &amp#27;[0;39m &amp#27;[36mtc.testcontainers/ryuk:0.4.0&amp#27;[0;39m - &amp#27;[32mContainer testcontainers/ryuk:0.4.0 started in PT0.733229708S
&amp#27;[0;39m2023-11-27 10:52:05,026 [main] &amp#27;[34mINFO &amp#27;[0;39m &amp#27;[36mo.t.utility.RyukResourceReaper&amp#27;[0;39m - &amp#27;[32mRyuk started - will monitor and terminate Testcontainers containers on JVM exit
&amp#27;[0;39m2023-11-27 10:52:05,027 [main] &amp#27;[34mINFO &amp#27;[0;39m &amp#27;[36mo.testcontainers.DockerClientFactory&amp#27;[0;39m - &amp#27;[32mChecking the system...
&amp#27;[0;39m2023-11-27 10:52:05,027 [main] &amp#27;[34mINFO &amp#27;[0;39m &amp#27;[36mo.testcontainers.DockerClientFactory&amp#27;[0;39m - &amp#27;[32m✔︎ Docker server version should be at least 1.6.0
&amp#27;[0;39m2023-11-27 10:52:05,028 [main] &amp#27;[34mINFO &amp#27;[0;39m &amp#27;[36mtc.postgres:15.3-alpine3.18&amp#27;[0;39m - &amp#27;[32mCreating container for image: postgres:15.3-alpine3.18
&amp#27;[0;39m2023-11-27 10:52:05,069 [main] &amp#27;[34mINFO &amp#27;[0;39m &amp#27;[36mtc.postgres:15.3-alpine3.18&amp#27;[0;39m - &amp#27;[32mContainer postgres:15.3-alpine3.18 is starting: 71a03a8dec4391334ea343ee56e3f9d9ff67db2d5d0e6a138d298a26e8f8d8b9
&amp#27;[0;39m2023-11-27 10:52:06,811 [main] &amp#27;[34mINFO &amp#27;[0;39m &amp#27;[36mtc.postgres:15.3-alpine3.18&amp#27;[0;39m - &amp#27;[32mContainer postgres:15.3-alpine3.18 started in PT1.783066487S
&amp#27;[0;39m2023-11-27 10:52:06,812 [main] &amp#27;[34mINFO &amp#27;[0;39m &amp#27;[36mtc.postgres:15.3-alpine3.18&amp#27;[0;39m - &amp#27;[32mContainer is started (JDBC URL: jdbc:postgresql://localhost:32769/test?loggerLevel=OFF)
&amp#27;[0;39m2023-11-27 10:52:06,968 [main] &amp#27;[34mINFO &amp#27;[0;39m &amp#27;[36mcom.zaxxer.hikari.pool.HikariPool&amp#27;[0;39m - &amp#27;[32mHikariPool-1 - Added connection org.testcontainers.jdbc.ConnectionWrapper@642413d4
&amp#27;[0;39m2023-11-27 10:52:06,969 [main] &amp#27;[34mINFO &amp#27;[0;39m &amp#27;[36mcom.zaxxer.hikari.HikariDataSource&amp#27;[0;39m - &amp#27;[32mHikariPool-1 - Start completed.
&amp#27;[0;39m2023-11-27 10:52:07,360 [main] &amp#27;[34mINFO &amp#27;[0;39m &amp#27;[36mo.h.b.i.BytecodeProviderInitiator&amp#27;[0;39m - &amp#27;[32mHHH000021: Bytecode provider name : bytebuddy
&amp#27;[0;39m2023-11-27 10:52:08,001 [main] &amp#27;[34mINFO &amp#27;[0;39m &amp#27;[36mo.h.e.t.j.p.i.JtaPlatformInitiator&amp#27;[0;39m - &amp#27;[32mHHH000490: Using JtaPlatform implementation: [org.hibernate.engine.transaction.jta.platform.internal.NoJtaPlatform]
&amp#27;[0;39mHibernate: alter table if exists user_roles drop constraint if exists FKdcdh0gl1mdce42vy0klyio6fi
2023-11-27 10:52:08,141 [main] &amp#27;[31mWARN &amp#27;[0;39m &amp#27;[36mo.h.e.jdbc.spi.SqlExceptionHelper&amp#27;[0;39m - &amp#27;[32mSQL Warning Code: 0, SQLState: 00000
&amp#27;[0;39m2023-11-27 10:52:08,142 [main] &amp#27;[31mWARN &amp#27;[0;39m &amp#27;[36mo.h.e.jdbc.spi.SqlExceptionHelper&amp#27;[0;39m - &amp#27;[32mrelation "user_roles" does not exist, skipping
&amp#27;[0;39mHibernate: alter table if exists user_roles drop constraint if exists FKscvbq0n9bo03s7w6ujfyrtg4a
2023-11-27 10:52:08,142 [main] &amp#27;[31mWARN &amp#27;[0;39m &amp#27;[36mo.h.e.jdbc.spi.SqlExceptionHelper&amp#27;[0;39m - &amp#27;[32mSQL Warning Code: 0, SQLState: 00000
&amp#27;[0;39m2023-11-27 10:52:08,142 [main] &amp#27;[31mWARN &amp#27;[0;39m &amp#27;[36mo.h.e.jdbc.spi.SqlExceptionHelper&amp#27;[0;39m - &amp#27;[32mrelation "user_roles" does not exist, skipping
&amp#27;[0;39mHibernate: drop table if exists Person cascade
2023-11-27 10:52:08,143 [main] &amp#27;[31mWARN &amp#27;[0;39m &amp#27;[36mo.h.e.jdbc.spi.SqlExceptionHelper&amp#27;[0;39m - &amp#27;[32mSQL Warning Code: 0, SQLState: 00000
&amp#27;[0;39m2023-11-27 10:52:08,143 [main] &amp#27;[31mWARN &amp#27;[0;39m &amp#27;[36mo.h.e.jdbc.spi.SqlExceptionHelper&amp#27;[0;39m - &amp#27;[32mtable "person" does not exist, skipping
&amp#27;[0;39mHibernate: drop table if exists roles cascade
2023-11-27 10:52:08,143 [main] &amp#27;[31mWARN &amp#27;[0;39m &amp#27;[36mo.h.e.jdbc.spi.SqlExceptionHelper&amp#27;[0;39m - &amp#27;[32mSQL Warning Code: 0, SQLState: 00000
&amp#27;[0;39m2023-11-27 10:52:08,144 [main] &amp#27;[31mWARN &amp#27;[0;39m &amp#27;[36mo.h.e.jdbc.spi.SqlExceptionHelper&amp#27;[0;39m - &amp#27;[32mtable "roles" does not exist, skipping
&amp#27;[0;39mHibernate: drop table if exists user_roles cascade
2023-11-27 10:52:08,144 [main] &amp#27;[31mWARN &amp#27;[0;39m &amp#27;[36mo.h.e.jdbc.spi.SqlExceptionHelper&amp#27;[0;39m - &amp#27;[32mSQL Warning Code: 0, SQLState: 00000
&amp#27;[0;39m2023-11-27 10:52:08,144 [main] &amp#27;[31mWARN &amp#27;[0;39m &amp#27;[36mo.h.e.jdbc.spi.SqlExceptionHelper&amp#27;[0;39m - &amp#27;[32mtable "user_roles" does not exist, skipping
&amp#27;[0;39mHibernate: drop table if exists users cascade
2023-11-27 10:52:08,144 [main] &amp#27;[31mWARN &amp#27;[0;39m &amp#27;[36mo.h.e.jdbc.spi.SqlExceptionHelper&amp#27;[0;39m - &amp#27;[32mSQL Warning Code: 0, SQLState: 00000
&amp#27;[0;39m2023-11-27 10:52:08,145 [main] &amp#27;[31mWARN &amp#27;[0;39m &amp#27;[36mo.h.e.jdbc.spi.SqlExceptionHelper&amp#27;[0;39m - &amp#27;[32mtable "users" does not exist, skipping
&amp#27;[0;39mHibernate: create table Person (age integer, idPersonPK serial not null, createDate timestamp(6), updateDate timestamp(6), email varchar(45), firstName varchar(45), lastName varchar(45), primary key (idPersonPK))
Hibernate: create table roles (role_name varchar(20) not null, primary key (role_name))
Hibernate: create table user_roles (role_name varchar(20) not null, user_name varchar(25) not null, primary key (role_name, user_name))
Hibernate: create table users (user_name varchar(25) not null, user_password varchar(255) not null, primary key (user_name))
Hibernate: alter table if exists user_roles add constraint FKdcdh0gl1mdce42vy0klyio6fi foreign key (role_name) references roles
Hibernate: alter table if exists user_roles add constraint FKscvbq0n9bo03s7w6ujfyrtg4a foreign key (user_name) references users
2023-11-27 10:52:08,235 [main] &amp#27;[34mINFO &amp#27;[0;39m &amp#27;[36mio.javalin.Javalin&amp#27;[0;39m - &amp#27;[32mJAVALIN HANDLER REGISTRATION DEBUG LOG: GET[/api/v1/routes]
&amp#27;[0;39m2023-11-27 10:52:08,236 [main] &amp#27;[34mINFO &amp#27;[0;39m &amp#27;[36mio.javalin.Javalin&amp#27;[0;39m - &amp#27;[32mJAVALIN HANDLER REGISTRATION DEBUG LOG: BEFORE[*]
&amp#27;[0;39m2023-11-27 10:52:08,237 [main] &amp#27;[34mINFO &amp#27;[0;39m &amp#27;[36mio.javalin.Javalin&amp#27;[0;39m - &amp#27;[32mJAVALIN HANDLER REGISTRATION DEBUG LOG: BEFORE[*]
&amp#27;[0;39m2023-11-27 10:52:08,237 [main] &amp#27;[34mINFO &amp#27;[0;39m &amp#27;[36mio.javalin.Javalin&amp#27;[0;39m - &amp#27;[32mJAVALIN HANDLER REGISTRATION DEBUG LOG: POST[/api/v1/auth/login]
&amp#27;[0;39m2023-11-27 10:52:08,238 [main] &amp#27;[34mINFO &amp#27;[0;39m &amp#27;[36mio.javalin.Javalin&amp#27;[0;39m - &amp#27;[32mJAVALIN HANDLER REGISTRATION DEBUG LOG: POST[/api/v1/auth/register]
&amp#27;[0;39m2023-11-27 10:52:08,239 [main] &amp#27;[34mINFO &amp#27;[0;39m &amp#27;[36mio.javalin.Javalin&amp#27;[0;39m - &amp#27;[32mJAVALIN HANDLER REGISTRATION DEBUG LOG: GET[/api/v1/auth/]
&amp#27;[0;39m2023-11-27 10:52:08,240 [main] &amp#27;[34mINFO &amp#27;[0;39m &amp#27;[36mio.javalin.Javalin&amp#27;[0;39m - &amp#27;[32mJAVALIN HANDLER REGISTRATION DEBUG LOG: GET[/api/v1/auth/{name}]
&amp#27;[0;39m2023-11-27 10:52:08,241 [main] &amp#27;[34mINFO &amp#27;[0;39m &amp#27;[36mio.javalin.Javalin&amp#27;[0;39m - &amp#27;[32mJAVALIN HANDLER REGISTRATION DEBUG LOG: PUT[/api/v1/auth/{name}]
&amp#27;[0;39m2023-11-27 10:52:08,241 [main] &amp#27;[34mINFO &amp#27;[0;39m &amp#27;[36mio.javalin.Javalin&amp#27;[0;39m - &amp#27;[32mJAVALIN HANDLER REGISTRATION DEBUG LOG: DELETE[/api/v1/auth/{name}]
&amp#27;[0;39m2023-11-27 10:52:08,242 [main] &amp#27;[34mINFO &amp#27;[0;39m &amp#27;[36mio.javalin.Javalin&amp#27;[0;39m - &amp#27;[32mJAVALIN HANDLER REGISTRATION DEBUG LOG: POST[/api/v1/person/]
&amp#27;[0;39m2023-11-27 10:52:08,242 [main] &amp#27;[34mINFO &amp#27;[0;39m &amp#27;[36mio.javalin.Javalin&amp#27;[0;39m - &amp#27;[32mJAVALIN HANDLER REGISTRATION DEBUG LOG: GET[/api/v1/person/]
&amp#27;[0;39m2023-11-27 10:52:08,243 [main] &amp#27;[34mINFO &amp#27;[0;39m &amp#27;[36mio.javalin.Javalin&amp#27;[0;39m - &amp#27;[32mJAVALIN HANDLER REGISTRATION DEBUG LOG: GET[/api/v1/person/{id}]
&amp#27;[0;39m2023-11-27 10:52:08,243 [main] &amp#27;[34mINFO &amp#27;[0;39m &amp#27;[36mio.javalin.Javalin&amp#27;[0;39m - &amp#27;[32mJAVALIN HANDLER REGISTRATION DEBUG LOG: PUT[/api/v1/person/{id}]
&amp#27;[0;39m2023-11-27 10:52:08,243 [main] &amp#27;[34mINFO &amp#27;[0;39m &amp#27;[36mio.javalin.Javalin&amp#27;[0;39m - &amp#27;[32mJAVALIN HANDLER REGISTRATION DEBUG LOG: DELETE[/api/v1/person/{id}]
&amp#27;[0;39m2023-11-27 10:52:08,244 [main] &amp#27;[34mINFO &amp#27;[0;39m &amp#27;[36mio.javalin.Javalin&amp#27;[0;39m - &amp#27;[32mJAVALIN HANDLER REGISTRATION DEBUG LOG: AFTER[*]
&amp#27;[0;39m2023-11-27 10:52:08,246 [main] &amp#27;[34mINFO &amp#27;[0;39m &amp#27;[36mio.javalin.Javalin&amp#27;[0;39m - &amp#27;[32mStarting Javalin ...
&amp#27;[0;39m2023-11-27 10:52:08,371 [main] &amp#27;[34mINFO &amp#27;[0;39m &amp#27;[36morg.eclipse.jetty.server.Server&amp#27;[0;39m - &amp#27;[32mjetty-11.0.15; built: 2023-04-11T18:37:53.775Z; git: 5bc5e562c8d05c5862505aebe5cf83a61bdbcb96; jvm 17.0.7+7-LTS
&amp#27;[0;39m2023-11-27 10:52:08,412 [main] &amp#27;[34mINFO &amp#27;[0;39m &amp#27;[36mo.e.j.s.s.DefaultSessionIdManager&amp#27;[0;39m - &amp#27;[32mSession workerName=node0
&amp#27;[0;39m2023-11-27 10:52:08,420 [main] &amp#27;[34mINFO &amp#27;[0;39m &amp#27;[36mo.e.j.server.handler.ContextHandler&amp#27;[0;39m - &amp#27;[32mStarted i.j.j.@576b385d{/api/v1,null,AVAILABLE}
&amp#27;[0;39m2023-11-27 10:52:08,428 [main] &amp#27;[34mINFO &amp#27;[0;39m &amp#27;[36mo.e.jetty.server.AbstractConnector&amp#27;[0;39m - &amp#27;[32mStarted ServerConnector@19d9ba89{HTTP/1.1, (http/1.1)}{0.0.0.0:7777}
&amp#27;[0;39m2023-11-27 10:52:08,430 [main] &amp#27;[34mINFO &amp#27;[0;39m &amp#27;[36morg.eclipse.jetty.server.Server&amp#27;[0;39m - &amp#27;[32mStarted Server@716e6fa5{STARTING}[11.0.15,sto=0] @5616ms
&amp#27;[0;39m2023-11-27 10:52:08,430 [main] &amp#27;[34mINFO &amp#27;[0;39m &amp#27;[36mio.javalin.Javalin&amp#27;[0;39m - &amp#27;[32m
       __                  ___          ______
      / /___ __   ______ _/ (_)___     / ____/
 __  / / __ `/ | / / __ `/ / / __ \   /___ \
/ /_/ / /_/ /| |/ / /_/ / / / / / /  ____/ /
\____/\__,_/ |___/\__,_/_/_/_/ /_/  /_____/

       https://javalin.io/documentation

&amp#27;[0;39m2023-11-27 10:52:08,434 [main] &amp#27;[34mINFO &amp#27;[0;39m &amp#27;[36mio.javalin.Javalin&amp#27;[0;39m - &amp#27;[32mListening on http://localhost:7777/api/v1
&amp#27;[0;39m2023-11-27 10:52:08,446 [main] &amp#27;[34mINFO &amp#27;[0;39m &amp#27;[36mio.javalin.Javalin&amp#27;[0;39m - &amp#27;[32mYou are running Javalin 5.6.0 (released June 10, 2023. Your Javalin version is 169 days old. Consider checking for a newer version.).
&amp#27;[0;39m2023-11-27 10:52:08,446 [main] &amp#27;[34mINFO &amp#27;[0;39m &amp#27;[36mio.javalin.Javalin&amp#27;[0;39m - &amp#27;[32mJavalin started in 201ms \o/
&amp#27;[0;39mHibernate: select u1_0.user_name,r1_0.user_name,r1_1.role_name,u1_0.user_password from users u1_0 left join (user_roles r1_0 join roles r1_1 on r1_1.role_name=r1_0.role_name) on u1_0.user_name=r1_0.user_name where u1_0.user_name=?
2023-11-27 10:52:09,417 [JettyServerThreadPool-51] &amp#27;[1;31mERROR&amp#27;[0;39m &amp#27;[36mdk.lyngby.routes.Routes&amp#27;[0;39m - &amp#27;[32mPOST /api/v1/auth/login 200 Invalid user name or password
&amp#27;[0;39m2023-11-27 10:52:09,756 [JettyServerThreadPool-51] &amp#27;[34mINFO &amp#27;[0;39m &amp#27;[36mdk.lyngby.routes.Routes&amp#27;[0;39m - &amp#27;[32m Request 0 - POST /api/v1/auth/login was handled with status code 401 Unauthorized
&amp#27;[0;39m2023-11-27 10:52:09,767 [JettyServerThreadPool-51] &amp#27;[34mINFO &amp#27;[0;39m &amp#27;[36mio.javalin.Javalin&amp#27;[0;39m - &amp#27;[32mJAVALIN REQUEST DEBUG LOG:
Request: POST [/api/v1/auth/login]
    Matching endpoint-handlers: [BEFORE=*, BEFORE=*, AFTER=*]
    Headers: {Accept=*/*, Connection=keep-alive, User-Agent=Apache-HttpClient/4.5.13 (Java/17.0.7), Host=localhost:7777, Accept-Encoding=gzip,deflate, Content-Length=41, Content-Type=application/json}
    Cookies: {}
    Body: {username: "admin", password: "admin123"}
    QueryString: null
    QueryParams: {}
    FormParams: {}
Response: [401 Unauthorized], execution took 404.56 ms
    Headers: {Access-Control-Allow-Origin=*, Access-Control-Allow-Methods=GET, POST, PUT, DELETE, OPTIONS, Access-Control-Allow-Credentials=true, Date=Mon, 27 Nov 2023 09:52:09 GMT, Access-Control-Allow-Headers=Content-Type, Authorization, Content-Type=application/json}
    Body is 60 bytes (starts on next line):
    {"statusCode":401,"message":"Invalid user name or password"}
----------------------------------------------------------------------------------
&amp#27;[0;39mHibernate: select u1_0.user_name,r1_0.user_name,r1_1.role_name,u1_0.user_password from users u1_0 left join (user_roles r1_0 join roles r1_1 on r1_1.role_name=r1_0.role_name) on u1_0.user_name=r1_0.user_name where u1_0.user_name=?
2023-11-27 10:52:10,135 [JettyServerThreadPool-37] &amp#27;[1;31mERROR&amp#27;[0;39m &amp#27;[36mdk.lyngby.routes.Routes&amp#27;[0;39m - &amp#27;[32mPOST /api/v1/auth/login 200 Invalid user name or password
&amp#27;[0;39m2023-11-27 10:52:10,136 [JettyServerThreadPool-37] &amp#27;[34mINFO &amp#27;[0;39m &amp#27;[36mdk.lyngby.routes.Routes&amp#27;[0;39m - &amp#27;[32m Request 1 - POST /api/v1/auth/login was handled with status code 401 Unauthorized
&amp#27;[0;39m2023-11-27 10:52:10,137 [JettyServerThreadPool-37] &amp#27;[34mINFO &amp#27;[0;39m &amp#27;[36mio.javalin.Javalin&amp#27;[0;39m - &amp#27;[32mJAVALIN REQUEST DEBUG LOG:
Request: POST [/api/v1/auth/login]
    Matching endpoint-handlers: [BEFORE=*, BEFORE=*, AFTER=*]
    Headers: {Accept=*/*, Connection=keep-alive, User-Agent=Apache-HttpClient/4.5.13 (Java/17.0.7), Host=localhost:7777, Accept-Encoding=gzip,deflate, Content-Length=39, Content-Type=application/json}
    Cookies: {}
    Body: {username: "user", password: "user123"}
    QueryString: null
    QueryParams: {}
    FormParams: {}
Response: [401 Unauthorized], execution took 3.65 ms
    Headers: {Access-Control-Allow-Origin=*, Access-Control-Allow-Methods=GET, POST, PUT, DELETE, OPTIONS, Access-Control-Allow-Credentials=true, Date=Mon, 27 Nov 2023 09:52:10 GMT, Access-Control-Allow-Headers=Content-Type, Authorization, Content-Type=application/json}
    Body is 60 bytes (starts on next line):
    {"statusCode":401,"message":"Invalid user name or password"}
----------------------------------------------------------------------------------
&amp#27;[0;39mBearer null
Bearer null
Hibernate: delete from Person
Hibernate: insert into Person (age,createDate,email,firstName,lastName,updateDate) values (?,?,?,?,?,?)
Hibernate: insert into Person (age,createDate,email,firstName,lastName,updateDate) values (?,?,?,?,?,?)
Hibernate: insert into Person (age,createDate,email,firstName,lastName,updateDate) values (?,?,?,?,?,?)
Hibernate: insert into Person (age,createDate,email,firstName,lastName,updateDate) values (?,?,?,?,?,?)
]]></system-out>
  </testcase>
  <testcase name="createPersonWithAdminToken" classname="dk.lyngby.handler.PersonHandlerTest" time="0.009">
    <error message="Failed making field &apos;java.time.LocalDateTime#date&apos; accessible; either increase its visibility or write a custom TypeAdapter for its declaring type." type="com.google.gson.JsonIOException"><![CDATA[com.google.gson.JsonIOException: Failed making field 'java.time.LocalDateTime#date' accessible; either increase its visibility or write a custom TypeAdapter for its declaring type.
	at com.google.gson.internal.reflect.ReflectionHelper.makeAccessible(ReflectionHelper.java:38)
	at com.google.gson.internal.bind.ReflectiveTypeAdapterFactory.getBoundFields(ReflectiveTypeAdapterFactory.java:286)
	at com.google.gson.internal.bind.ReflectiveTypeAdapterFactory.create(ReflectiveTypeAdapterFactory.java:130)
	at com.google.gson.Gson.getAdapter(Gson.java:556)
	at com.google.gson.internal.bind.ReflectiveTypeAdapterFactory.createBoundField(ReflectiveTypeAdapterFactory.java:160)
	at com.google.gson.internal.bind.ReflectiveTypeAdapterFactory.getBoundFields(ReflectiveTypeAdapterFactory.java:294)
	at com.google.gson.internal.bind.ReflectiveTypeAdapterFactory.create(ReflectiveTypeAdapterFactory.java:130)
	at com.google.gson.Gson.getAdapter(Gson.java:556)
	at com.google.gson.Gson.toJson(Gson.java:834)
	at com.google.gson.Gson.toJson(Gson.java:812)
	at com.google.gson.Gson.toJson(Gson.java:759)
	at com.google.gson.Gson.toJson(Gson.java:736)
	at dk.lyngby.handler.PersonHandlerTest.createPersonWithAdminToken(PersonHandlerTest.java:66)
	at java.base/jdk.internal.reflect.NativeMethodAccessorImpl.invoke0(Native Method)
	at java.base/jdk.internal.reflect.NativeMethodAccessorImpl.invoke(NativeMethodAccessorImpl.java:77)
	at java.base/jdk.internal.reflect.DelegatingMethodAccessorImpl.invoke(DelegatingMethodAccessorImpl.java:43)
	at java.base/java.lang.reflect.Method.invoke(Method.java:568)
	at org.junit.platform.commons.util.ReflectionUtils.invokeMethod(ReflectionUtils.java:727)
	at org.junit.jupiter.engine.execution.MethodInvocation.proceed(MethodInvocation.java:60)
	at org.junit.jupiter.engine.execution.InvocationInterceptorChain$ValidatingInvocation.proceed(InvocationInterceptorChain.java:131)
	at org.junit.jupiter.engine.extension.TimeoutExtension.intercept(TimeoutExtension.java:156)
	at org.junit.jupiter.engine.extension.TimeoutExtension.interceptTestableMethod(TimeoutExtension.java:147)
	at org.junit.jupiter.engine.extension.TimeoutExtension.interceptTestMethod(TimeoutExtension.java:86)
	at org.junit.jupiter.engine.execution.InterceptingExecutableInvoker$ReflectiveInterceptorCall.lambda$ofVoidMethod$0(InterceptingExecutableInvoker.java:103)
	at org.junit.jupiter.engine.execution.InterceptingExecutableInvoker.lambda$invoke$0(InterceptingExecutableInvoker.java:93)
	at org.junit.jupiter.engine.execution.InvocationInterceptorChain$InterceptedInvocation.proceed(InvocationInterceptorChain.java:106)
	at org.junit.jupiter.engine.execution.InvocationInterceptorChain.proceed(InvocationInterceptorChain.java:64)
	at org.junit.jupiter.engine.execution.InvocationInterceptorChain.chainAndInvoke(InvocationInterceptorChain.java:45)
	at org.junit.jupiter.engine.execution.InvocationInterceptorChain.invoke(InvocationInterceptorChain.java:37)
	at org.junit.jupiter.engine.execution.InterceptingExecutableInvoker.invoke(InterceptingExecutableInvoker.java:92)
	at org.junit.jupiter.engine.execution.InterceptingExecutableInvoker.invoke(InterceptingExecutableInvoker.java:86)
	at org.junit.jupiter.engine.descriptor.TestMethodTestDescriptor.lambda$invokeTestMethod$7(TestMethodTestDescriptor.java:217)
	at org.junit.platform.engine.support.hierarchical.ThrowableCollector.execute(ThrowableCollector.java:73)
	at org.junit.jupiter.engine.descriptor.TestMethodTestDescriptor.invokeTestMethod(TestMethodTestDescriptor.java:213)
	at org.junit.jupiter.engine.descriptor.TestMethodTestDescriptor.execute(TestMethodTestDescriptor.java:138)
	at org.junit.jupiter.engine.descriptor.TestMethodTestDescriptor.execute(TestMethodTestDescriptor.java:68)
	at org.junit.platform.engine.support.hierarchical.NodeTestTask.lambda$executeRecursively$6(NodeTestTask.java:151)
	at org.junit.platform.engine.support.hierarchical.ThrowableCollector.execute(ThrowableCollector.java:73)
	at org.junit.platform.engine.support.hierarchical.NodeTestTask.lambda$executeRecursively$8(NodeTestTask.java:141)
	at org.junit.platform.engine.support.hierarchical.Node.around(Node.java:137)
	at org.junit.platform.engine.support.hierarchical.NodeTestTask.lambda$executeRecursively$9(NodeTestTask.java:139)
	at org.junit.platform.engine.support.hierarchical.ThrowableCollector.execute(ThrowableCollector.java:73)
	at org.junit.platform.engine.support.hierarchical.NodeTestTask.executeRecursively(NodeTestTask.java:138)
	at org.junit.platform.engine.support.hierarchical.NodeTestTask.execute(NodeTestTask.java:95)
	at java.base/java.util.ArrayList.forEach(ArrayList.java:1511)
	at org.junit.platform.engine.support.hierarchical.SameThreadHierarchicalTestExecutorService.invokeAll(SameThreadHierarchicalTestExecutorService.java:41)
	at org.junit.platform.engine.support.hierarchical.NodeTestTask.lambda$executeRecursively$6(NodeTestTask.java:155)
	at org.junit.platform.engine.support.hierarchical.ThrowableCollector.execute(ThrowableCollector.java:73)
	at org.junit.platform.engine.support.hierarchical.NodeTestTask.lambda$executeRecursively$8(NodeTestTask.java:141)
	at org.junit.platform.engine.support.hierarchical.Node.around(Node.java:137)
	at org.junit.platform.engine.support.hierarchical.NodeTestTask.lambda$executeRecursively$9(NodeTestTask.java:139)
	at org.junit.platform.engine.support.hierarchical.ThrowableCollector.execute(ThrowableCollector.java:73)
	at org.junit.platform.engine.support.hierarchical.NodeTestTask.executeRecursively(NodeTestTask.java:138)
	at org.junit.platform.engine.support.hierarchical.NodeTestTask.execute(NodeTestTask.java:95)
	at java.base/java.util.ArrayList.forEach(ArrayList.java:1511)
	at org.junit.platform.engine.support.hierarchical.SameThreadHierarchicalTestExecutorService.invokeAll(SameThreadHierarchicalTestExecutorService.java:41)
	at org.junit.platform.engine.support.hierarchical.NodeTestTask.lambda$executeRecursively$6(NodeTestTask.java:155)
	at org.junit.platform.engine.support.hierarchical.ThrowableCollector.execute(ThrowableCollector.java:73)
	at org.junit.platform.engine.support.hierarchical.NodeTestTask.lambda$executeRecursively$8(NodeTestTask.java:141)
	at org.junit.platform.engine.support.hierarchical.Node.around(Node.java:137)
	at org.junit.platform.engine.support.hierarchical.NodeTestTask.lambda$executeRecursively$9(NodeTestTask.java:139)
	at org.junit.platform.engine.support.hierarchical.ThrowableCollector.execute(ThrowableCollector.java:73)
	at org.junit.platform.engine.support.hierarchical.NodeTestTask.executeRecursively(NodeTestTask.java:138)
	at org.junit.platform.engine.support.hierarchical.NodeTestTask.execute(NodeTestTask.java:95)
	at org.junit.platform.engine.support.hierarchical.SameThreadHierarchicalTestExecutorService.submit(SameThreadHierarchicalTestExecutorService.java:35)
	at org.junit.platform.engine.support.hierarchical.HierarchicalTestExecutor.execute(HierarchicalTestExecutor.java:57)
	at org.junit.platform.engine.support.hierarchical.HierarchicalTestEngine.execute(HierarchicalTestEngine.java:54)
	at org.junit.platform.launcher.core.EngineExecutionOrchestrator.execute(EngineExecutionOrchestrator.java:147)
	at org.junit.platform.launcher.core.EngineExecutionOrchestrator.execute(EngineExecutionOrchestrator.java:127)
	at org.junit.platform.launcher.core.EngineExecutionOrchestrator.execute(EngineExecutionOrchestrator.java:90)
	at org.junit.platform.launcher.core.EngineExecutionOrchestrator.lambda$execute$0(EngineExecutionOrchestrator.java:55)
	at org.junit.platform.launcher.core.EngineExecutionOrchestrator.withInterceptedStreams(EngineExecutionOrchestrator.java:102)
	at org.junit.platform.launcher.core.EngineExecutionOrchestrator.execute(EngineExecutionOrchestrator.java:54)
	at org.junit.platform.launcher.core.DefaultLauncher.execute(DefaultLauncher.java:114)
	at org.junit.platform.launcher.core.DefaultLauncher.execute(DefaultLauncher.java:86)
	at org.junit.platform.launcher.core.DefaultLauncherSession$DelegatingLauncher.execute(DefaultLauncherSession.java:86)
	at org.apache.maven.surefire.junitplatform.LazyLauncher.execute(LazyLauncher.java:50)
	at org.apache.maven.surefire.junitplatform.JUnitPlatformProvider.execute(JUnitPlatformProvider.java:184)
	at org.apache.maven.surefire.junitplatform.JUnitPlatformProvider.invokeAllTests(JUnitPlatformProvider.java:148)
	at org.apache.maven.surefire.junitplatform.JUnitPlatformProvider.invoke(JUnitPlatformProvider.java:122)
	at org.apache.maven.surefire.booter.ForkedBooter.runSuitesInProcess(ForkedBooter.java:385)
	at org.apache.maven.surefire.booter.ForkedBooter.execute(ForkedBooter.java:162)
	at org.apache.maven.surefire.booter.ForkedBooter.run(ForkedBooter.java:507)
	at org.apache.maven.surefire.booter.ForkedBooter.main(ForkedBooter.java:495)
Caused by: java.lang.reflect.InaccessibleObjectException: Unable to make field private final java.time.LocalDate java.time.LocalDateTime.date accessible: module java.base does not "opens java.time" to unnamed module @50a20713
	at java.base/java.lang.reflect.AccessibleObject.checkCanSetAccessible(AccessibleObject.java:354)
	at java.base/java.lang.reflect.AccessibleObject.checkCanSetAccessible(AccessibleObject.java:297)
	at java.base/java.lang.reflect.Field.checkCanSetAccessible(Field.java:178)
	at java.base/java.lang.reflect.Field.setAccessible(Field.java:172)
	at com.google.gson.internal.reflect.ReflectionHelper.makeAccessible(ReflectionHelper.java:35)
	... 83 more
]]></error>
    <system-out><![CDATA[Hibernate: delete from Person
Hibernate: insert into Person (age,createDate,email,firstName,lastName,updateDate) values (?,?,?,?,?,?)
Hibernate: insert into Person (age,createDate,email,firstName,lastName,updateDate) values (?,?,?,?,?,?)
Hibernate: insert into Person (age,createDate,email,firstName,lastName,updateDate) values (?,?,?,?,?,?)
Hibernate: insert into Person (age,createDate,email,firstName,lastName,updateDate) values (?,?,?,?,?,?)
]]></system-out>
  </testcase>
  <testcase name="getAllPersons" classname="dk.lyngby.handler.PersonHandlerTest" time="0.17">
    <system-out><![CDATA[Hibernate: delete from Person
Hibernate: insert into Person (age,createDate,email,firstName,lastName,updateDate) values (?,?,?,?,?,?)
Hibernate: insert into Person (age,createDate,email,firstName,lastName,updateDate) values (?,?,?,?,?,?)
Hibernate: insert into Person (age,createDate,email,firstName,lastName,updateDate) values (?,?,?,?,?,?)
Hibernate: insert into Person (age,createDate,email,firstName,lastName,updateDate) values (?,?,?,?,?,?)
Hibernate: select p1_0.idPersonPK,p1_0.age,p1_0.createDate,p1_0.email,p1_0.firstName,p1_0.lastName,p1_0.updateDate from Person p1_0
2023-11-27 10:52:10,369 [JettyServerThreadPool-38] &amp#27;[34mINFO &amp#27;[0;39m &amp#27;[36mdk.lyngby.routes.Routes&amp#27;[0;39m - &amp#27;[32m Request 2 - GET /api/v1/person was handled with status code 200 OK
&amp#27;[0;39m2023-11-27 10:52:10,371 [JettyServerThreadPool-38] &amp#27;[34mINFO &amp#27;[0;39m &amp#27;[36mio.javalin.Javalin&amp#27;[0;39m - &amp#27;[32mJAVALIN REQUEST DEBUG LOG:
Request: GET [/api/v1/person]
    Matching endpoint-handlers: [BEFORE=*, BEFORE=*, AFTER=*]
    Headers: {Accept=*/*, Connection=keep-alive, User-Agent=Apache-HttpClient/4.5.13 (Java/17.0.7), Host=localhost:7777, Accept-Encoding=gzip,deflate, Content-Type=application/json}
    Cookies: {}
    Body: 
    QueryString: null
    QueryParams: {}
    FormParams: {}
Response: [200 OK], execution took 73.03 ms
    Headers: {Access-Control-Allow-Origin=*, Access-Control-Allow-Methods=GET, POST, PUT, DELETE, OPTIONS, Access-Control-Allow-Credentials=true, Date=Mon, 27 Nov 2023 09:52:10 GMT, Access-Control-Allow-Headers=Content-Type, Authorization, Content-Type=application/json}
    Body is 340 bytes (starts on next line):
    [{"firstName":"Mike","lastName":"Durham","age":25,"email":"durham@mail.com","id":0},{"firstName":"Steve","lastName":"Michell","age":55,"email":"michell@mail.com","id":0},{"firstName":"Petra","lastName":"Schmidt","age":41,"email":"schmidt@mail.com","id":0},{"firstName":"Anita","lastName":"Hansen","age":18,"email":"hansen@mail.com","id":0}]
----------------------------------------------------------------------------------
&amp#27;[0;39m]]></system-out>
  </testcase>
  <testcase name="createPersonWithInvalidEmail" classname="dk.lyngby.handler.PersonHandlerTest" time="0.009">
    <error message="Failed making field &apos;java.time.LocalDateTime#date&apos; accessible; either increase its visibility or write a custom TypeAdapter for its declaring type." type="com.google.gson.JsonIOException"><![CDATA[com.google.gson.JsonIOException: Failed making field 'java.time.LocalDateTime#date' accessible; either increase its visibility or write a custom TypeAdapter for its declaring type.
	at com.google.gson.internal.reflect.ReflectionHelper.makeAccessible(ReflectionHelper.java:38)
	at com.google.gson.internal.bind.ReflectiveTypeAdapterFactory.getBoundFields(ReflectiveTypeAdapterFactory.java:286)
	at com.google.gson.internal.bind.ReflectiveTypeAdapterFactory.create(ReflectiveTypeAdapterFactory.java:130)
	at com.google.gson.Gson.getAdapter(Gson.java:556)
	at com.google.gson.internal.bind.ReflectiveTypeAdapterFactory.createBoundField(ReflectiveTypeAdapterFactory.java:160)
	at com.google.gson.internal.bind.ReflectiveTypeAdapterFactory.getBoundFields(ReflectiveTypeAdapterFactory.java:294)
	at com.google.gson.internal.bind.ReflectiveTypeAdapterFactory.create(ReflectiveTypeAdapterFactory.java:130)
	at com.google.gson.Gson.getAdapter(Gson.java:556)
	at com.google.gson.Gson.toJson(Gson.java:834)
	at com.google.gson.Gson.toJson(Gson.java:812)
	at com.google.gson.Gson.toJson(Gson.java:759)
	at com.google.gson.Gson.toJson(Gson.java:736)
	at dk.lyngby.handler.PersonHandlerTest.createPersonWithInvalidEmail(PersonHandlerTest.java:108)
	at java.base/jdk.internal.reflect.NativeMethodAccessorImpl.invoke0(Native Method)
	at java.base/jdk.internal.reflect.NativeMethodAccessorImpl.invoke(NativeMethodAccessorImpl.java:77)
	at java.base/jdk.internal.reflect.DelegatingMethodAccessorImpl.invoke(DelegatingMethodAccessorImpl.java:43)
	at java.base/java.lang.reflect.Method.invoke(Method.java:568)
	at org.junit.platform.commons.util.ReflectionUtils.invokeMethod(ReflectionUtils.java:727)
	at org.junit.jupiter.engine.execution.MethodInvocation.proceed(MethodInvocation.java:60)
	at org.junit.jupiter.engine.execution.InvocationInterceptorChain$ValidatingInvocation.proceed(InvocationInterceptorChain.java:131)
	at org.junit.jupiter.engine.extension.TimeoutExtension.intercept(TimeoutExtension.java:156)
	at org.junit.jupiter.engine.extension.TimeoutExtension.interceptTestableMethod(TimeoutExtension.java:147)
	at org.junit.jupiter.engine.extension.TimeoutExtension.interceptTestMethod(TimeoutExtension.java:86)
	at org.junit.jupiter.engine.execution.InterceptingExecutableInvoker$ReflectiveInterceptorCall.lambda$ofVoidMethod$0(InterceptingExecutableInvoker.java:103)
	at org.junit.jupiter.engine.execution.InterceptingExecutableInvoker.lambda$invoke$0(InterceptingExecutableInvoker.java:93)
	at org.junit.jupiter.engine.execution.InvocationInterceptorChain$InterceptedInvocation.proceed(InvocationInterceptorChain.java:106)
	at org.junit.jupiter.engine.execution.InvocationInterceptorChain.proceed(InvocationInterceptorChain.java:64)
	at org.junit.jupiter.engine.execution.InvocationInterceptorChain.chainAndInvoke(InvocationInterceptorChain.java:45)
	at org.junit.jupiter.engine.execution.InvocationInterceptorChain.invoke(InvocationInterceptorChain.java:37)
	at org.junit.jupiter.engine.execution.InterceptingExecutableInvoker.invoke(InterceptingExecutableInvoker.java:92)
	at org.junit.jupiter.engine.execution.InterceptingExecutableInvoker.invoke(InterceptingExecutableInvoker.java:86)
	at org.junit.jupiter.engine.descriptor.TestMethodTestDescriptor.lambda$invokeTestMethod$7(TestMethodTestDescriptor.java:217)
	at org.junit.platform.engine.support.hierarchical.ThrowableCollector.execute(ThrowableCollector.java:73)
	at org.junit.jupiter.engine.descriptor.TestMethodTestDescriptor.invokeTestMethod(TestMethodTestDescriptor.java:213)
	at org.junit.jupiter.engine.descriptor.TestMethodTestDescriptor.execute(TestMethodTestDescriptor.java:138)
	at org.junit.jupiter.engine.descriptor.TestMethodTestDescriptor.execute(TestMethodTestDescriptor.java:68)
	at org.junit.platform.engine.support.hierarchical.NodeTestTask.lambda$executeRecursively$6(NodeTestTask.java:151)
	at org.junit.platform.engine.support.hierarchical.ThrowableCollector.execute(ThrowableCollector.java:73)
	at org.junit.platform.engine.support.hierarchical.NodeTestTask.lambda$executeRecursively$8(NodeTestTask.java:141)
	at org.junit.platform.engine.support.hierarchical.Node.around(Node.java:137)
	at org.junit.platform.engine.support.hierarchical.NodeTestTask.lambda$executeRecursively$9(NodeTestTask.java:139)
	at org.junit.platform.engine.support.hierarchical.ThrowableCollector.execute(ThrowableCollector.java:73)
	at org.junit.platform.engine.support.hierarchical.NodeTestTask.executeRecursively(NodeTestTask.java:138)
	at org.junit.platform.engine.support.hierarchical.NodeTestTask.execute(NodeTestTask.java:95)
	at java.base/java.util.ArrayList.forEach(ArrayList.java:1511)
	at org.junit.platform.engine.support.hierarchical.SameThreadHierarchicalTestExecutorService.invokeAll(SameThreadHierarchicalTestExecutorService.java:41)
	at org.junit.platform.engine.support.hierarchical.NodeTestTask.lambda$executeRecursively$6(NodeTestTask.java:155)
	at org.junit.platform.engine.support.hierarchical.ThrowableCollector.execute(ThrowableCollector.java:73)
	at org.junit.platform.engine.support.hierarchical.NodeTestTask.lambda$executeRecursively$8(NodeTestTask.java:141)
	at org.junit.platform.engine.support.hierarchical.Node.around(Node.java:137)
	at org.junit.platform.engine.support.hierarchical.NodeTestTask.lambda$executeRecursively$9(NodeTestTask.java:139)
	at org.junit.platform.engine.support.hierarchical.ThrowableCollector.execute(ThrowableCollector.java:73)
	at org.junit.platform.engine.support.hierarchical.NodeTestTask.executeRecursively(NodeTestTask.java:138)
	at org.junit.platform.engine.support.hierarchical.NodeTestTask.execute(NodeTestTask.java:95)
	at java.base/java.util.ArrayList.forEach(ArrayList.java:1511)
	at org.junit.platform.engine.support.hierarchical.SameThreadHierarchicalTestExecutorService.invokeAll(SameThreadHierarchicalTestExecutorService.java:41)
	at org.junit.platform.engine.support.hierarchical.NodeTestTask.lambda$executeRecursively$6(NodeTestTask.java:155)
	at org.junit.platform.engine.support.hierarchical.ThrowableCollector.execute(ThrowableCollector.java:73)
	at org.junit.platform.engine.support.hierarchical.NodeTestTask.lambda$executeRecursively$8(NodeTestTask.java:141)
	at org.junit.platform.engine.support.hierarchical.Node.around(Node.java:137)
	at org.junit.platform.engine.support.hierarchical.NodeTestTask.lambda$executeRecursively$9(NodeTestTask.java:139)
	at org.junit.platform.engine.support.hierarchical.ThrowableCollector.execute(ThrowableCollector.java:73)
	at org.junit.platform.engine.support.hierarchical.NodeTestTask.executeRecursively(NodeTestTask.java:138)
	at org.junit.platform.engine.support.hierarchical.NodeTestTask.execute(NodeTestTask.java:95)
	at org.junit.platform.engine.support.hierarchical.SameThreadHierarchicalTestExecutorService.submit(SameThreadHierarchicalTestExecutorService.java:35)
	at org.junit.platform.engine.support.hierarchical.HierarchicalTestExecutor.execute(HierarchicalTestExecutor.java:57)
	at org.junit.platform.engine.support.hierarchical.HierarchicalTestEngine.execute(HierarchicalTestEngine.java:54)
	at org.junit.platform.launcher.core.EngineExecutionOrchestrator.execute(EngineExecutionOrchestrator.java:147)
	at org.junit.platform.launcher.core.EngineExecutionOrchestrator.execute(EngineExecutionOrchestrator.java:127)
	at org.junit.platform.launcher.core.EngineExecutionOrchestrator.execute(EngineExecutionOrchestrator.java:90)
	at org.junit.platform.launcher.core.EngineExecutionOrchestrator.lambda$execute$0(EngineExecutionOrchestrator.java:55)
	at org.junit.platform.launcher.core.EngineExecutionOrchestrator.withInterceptedStreams(EngineExecutionOrchestrator.java:102)
	at org.junit.platform.launcher.core.EngineExecutionOrchestrator.execute(EngineExecutionOrchestrator.java:54)
	at org.junit.platform.launcher.core.DefaultLauncher.execute(DefaultLauncher.java:114)
	at org.junit.platform.launcher.core.DefaultLauncher.execute(DefaultLauncher.java:86)
	at org.junit.platform.launcher.core.DefaultLauncherSession$DelegatingLauncher.execute(DefaultLauncherSession.java:86)
	at org.apache.maven.surefire.junitplatform.LazyLauncher.execute(LazyLauncher.java:50)
	at org.apache.maven.surefire.junitplatform.JUnitPlatformProvider.execute(JUnitPlatformProvider.java:184)
	at org.apache.maven.surefire.junitplatform.JUnitPlatformProvider.invokeAllTests(JUnitPlatformProvider.java:148)
	at org.apache.maven.surefire.junitplatform.JUnitPlatformProvider.invoke(JUnitPlatformProvider.java:122)
	at org.apache.maven.surefire.booter.ForkedBooter.runSuitesInProcess(ForkedBooter.java:385)
	at org.apache.maven.surefire.booter.ForkedBooter.execute(ForkedBooter.java:162)
	at org.apache.maven.surefire.booter.ForkedBooter.run(ForkedBooter.java:507)
	at org.apache.maven.surefire.booter.ForkedBooter.main(ForkedBooter.java:495)
Caused by: java.lang.reflect.InaccessibleObjectException: Unable to make field private final java.time.LocalDate java.time.LocalDateTime.date accessible: module java.base does not "opens java.time" to unnamed module @50a20713
	at java.base/java.lang.reflect.AccessibleObject.checkCanSetAccessible(AccessibleObject.java:354)
	at java.base/java.lang.reflect.AccessibleObject.checkCanSetAccessible(AccessibleObject.java:297)
	at java.base/java.lang.reflect.Field.checkCanSetAccessible(Field.java:178)
	at java.base/java.lang.reflect.Field.setAccessible(Field.java:172)
	at com.google.gson.internal.reflect.ReflectionHelper.makeAccessible(ReflectionHelper.java:35)
	... 83 more
]]></error>
    <system-out><![CDATA[Hibernate: delete from Person
Hibernate: insert into Person (age,createDate,email,firstName,lastName,updateDate) values (?,?,?,?,?,?)
Hibernate: insert into Person (age,createDate,email,firstName,lastName,updateDate) values (?,?,?,?,?,?)
Hibernate: insert into Person (age,createDate,email,firstName,lastName,updateDate) values (?,?,?,?,?,?)
Hibernate: insert into Person (age,createDate,email,firstName,lastName,updateDate) values (?,?,?,?,?,?)
Bearer null
]]></system-out>
  </testcase>
</testsuite>